SF:/Users/dhanushkeloth/presidio_genspark_training/capstone-projectv3/backend/ShipmentTrackingAPI/Program.cs
FN:19,System.Void Program::<Main>$(System.String[])
FNDA:0,System.Void Program::<Main>$(System.String[])
DA:20,0
DA:22,0
DA:23,0
DA:24,0
DA:25,0
DA:26,0
DA:27,0
DA:28,0
DA:29,0
DA:30,0
DA:31,0
DA:34,0
DA:35,0
DA:37,0
DA:38,0
DA:39,0
DA:40,0
DA:41,0
DA:42,0
DA:43,0
DA:45,0
DA:46,0
DA:47,0
DA:48,0
DA:49,0
DA:50,0
DA:51,0
DA:52,0
DA:53,0
DA:54,0
DA:60,0
DA:61,0
DA:62,0
DA:63,0
DA:65,0
DA:67,0
DA:68,0
DA:69,0
DA:70,0
DA:71,0
DA:72,0
DA:73,0
DA:75,0
DA:76,0
DA:82,0
DA:83,0
DA:84,0
DA:85,0
DA:86,0
DA:87,0
DA:88,0
DA:89,0
DA:90,0
DA:91,0
DA:92,0
DA:93,0
DA:94,0
DA:95,0
DA:96,0
DA:97,0
DA:98,0
DA:99,0
DA:100,0
DA:101,0
DA:102,0
DA:103,0
DA:104,0
DA:105,0
DA:106,0
DA:107,0
DA:108,0
DA:109,0
DA:110,0
DA:111,0
DA:112,0
DA:113,0
DA:114,0
DA:115,0
DA:117,0
DA:120,0
DA:122,0
DA:123,0
DA:124,0
DA:125,0
DA:126,0
DA:127,0
DA:128,0
DA:129,0
DA:130,0
DA:131,0
DA:133,0
DA:135,0
DA:155,0
DA:156,0
DA:157,0
DA:158,0
DA:159,0
DA:160,0
DA:162,0
DA:163,0
DA:164,0
DA:165,0
DA:167,0
DA:168,0
DA:169,0
BRDA:155,751,0,0
BRDA:155,751,1,0
BRDA:107,131,0,0
BRDA:107,131,1,0
BRDA:107,155,0,0
BRDA:107,155,1,0
BRDA:46,14,0,0
BRDA:46,14,1,0
LF:105
LH:0
BRF:8
BRH:0
FNF:1
FNH:0
end_of_record
SF:/Users/dhanushkeloth/presidio_genspark_training/capstone-projectv3/backend/ShipmentTrackingAPI/obj/Debug/net10.0/Microsoft.AspNetCore.OpenApi.SourceGenerators/Microsoft.AspNetCore.OpenApi.SourceGenerators.XmlCommentGenerator/OpenApiXmlCommentSupport.generated.cs
FN:46,System.String Microsoft.AspNetCore.OpenApi.Generated.<OpenApiXmlCommentSupport_generated>FDCAC613BB9405022871F3721E0EC30C60EBED99C736E327F496993F26519D6D1__XmlComment::get_Summary()
FNDA:0,System.String Microsoft.AspNetCore.OpenApi.Generated.<OpenApiXmlCommentSupport_generated>FDCAC613BB9405022871F3721E0EC30C60EBED99C736E327F496993F26519D6D1__XmlComment::get_Summary()
DA:47,0
FN:47,System.String Microsoft.AspNetCore.OpenApi.Generated.<OpenApiXmlCommentSupport_generated>FDCAC613BB9405022871F3721E0EC30C60EBED99C736E327F496993F26519D6D1__XmlComment::get_Description()
FNDA:0,System.String Microsoft.AspNetCore.OpenApi.Generated.<OpenApiXmlCommentSupport_generated>FDCAC613BB9405022871F3721E0EC30C60EBED99C736E327F496993F26519D6D1__XmlComment::get_Description()
DA:48,0
FN:48,System.String Microsoft.AspNetCore.OpenApi.Generated.<OpenApiXmlCommentSupport_generated>FDCAC613BB9405022871F3721E0EC30C60EBED99C736E327F496993F26519D6D1__XmlComment::get_Remarks()
FNDA:0,System.String Microsoft.AspNetCore.OpenApi.Generated.<OpenApiXmlCommentSupport_generated>FDCAC613BB9405022871F3721E0EC30C60EBED99C736E327F496993F26519D6D1__XmlComment::get_Remarks()
DA:49,0
FN:49,System.String Microsoft.AspNetCore.OpenApi.Generated.<OpenApiXmlCommentSupport_generated>FDCAC613BB9405022871F3721E0EC30C60EBED99C736E327F496993F26519D6D1__XmlComment::get_Returns()
FNDA:0,System.String Microsoft.AspNetCore.OpenApi.Generated.<OpenApiXmlCommentSupport_generated>FDCAC613BB9405022871F3721E0EC30C60EBED99C736E327F496993F26519D6D1__XmlComment::get_Returns()
DA:50,0
FN:50,System.String Microsoft.AspNetCore.OpenApi.Generated.<OpenApiXmlCommentSupport_generated>FDCAC613BB9405022871F3721E0EC30C60EBED99C736E327F496993F26519D6D1__XmlComment::get_Value()
FNDA:0,System.String Microsoft.AspNetCore.OpenApi.Generated.<OpenApiXmlCommentSupport_generated>FDCAC613BB9405022871F3721E0EC30C60EBED99C736E327F496993F26519D6D1__XmlComment::get_Value()
DA:51,0
FN:51,System.Boolean Microsoft.AspNetCore.OpenApi.Generated.<OpenApiXmlCommentSupport_generated>FDCAC613BB9405022871F3721E0EC30C60EBED99C736E327F496993F26519D6D1__XmlComment::get_Deprecated()
FNDA:0,System.Boolean Microsoft.AspNetCore.OpenApi.Generated.<OpenApiXmlCommentSupport_generated>FDCAC613BB9405022871F3721E0EC30C60EBED99C736E327F496993F26519D6D1__XmlComment::get_Deprecated()
DA:52,0
FN:52,System.Collections.Generic.List`1<System.String> Microsoft.AspNetCore.OpenApi.Generated.<OpenApiXmlCommentSupport_generated>FDCAC613BB9405022871F3721E0EC30C60EBED99C736E327F496993F26519D6D1__XmlComment::get_Examples()
FNDA:0,System.Collections.Generic.List`1<System.String> Microsoft.AspNetCore.OpenApi.Generated.<OpenApiXmlCommentSupport_generated>FDCAC613BB9405022871F3721E0EC30C60EBED99C736E327F496993F26519D6D1__XmlComment::get_Examples()
DA:53,0
FN:53,System.Collections.Generic.List`1<Microsoft.AspNetCore.OpenApi.Generated.<OpenApiXmlCommentSupport_generated>FDCAC613BB9405022871F3721E0EC30C60EBED99C736E327F496993F26519D6D1__XmlParameterComment> Microsoft.AspNetCore.OpenApi.Generated.<OpenApiXmlCommentSupport_generated>FDCAC613BB9405022871F3721E0EC30C60EBED99C736E327F496993F26519D6D1__XmlComment::get_Parameters()
FNDA:0,System.Collections.Generic.List`1<Microsoft.AspNetCore.OpenApi.Generated.<OpenApiXmlCommentSupport_generated>FDCAC613BB9405022871F3721E0EC30C60EBED99C736E327F496993F26519D6D1__XmlParameterComment> Microsoft.AspNetCore.OpenApi.Generated.<OpenApiXmlCommentSupport_generated>FDCAC613BB9405022871F3721E0EC30C60EBED99C736E327F496993F26519D6D1__XmlComment::get_Parameters()
DA:54,0
FN:54,System.Collections.Generic.List`1<Microsoft.AspNetCore.OpenApi.Generated.<OpenApiXmlCommentSupport_generated>FDCAC613BB9405022871F3721E0EC30C60EBED99C736E327F496993F26519D6D1__XmlResponseComment> Microsoft.AspNetCore.OpenApi.Generated.<OpenApiXmlCommentSupport_generated>FDCAC613BB9405022871F3721E0EC30C60EBED99C736E327F496993F26519D6D1__XmlComment::get_Responses()
FNDA:0,System.Collections.Generic.List`1<Microsoft.AspNetCore.OpenApi.Generated.<OpenApiXmlCommentSupport_generated>FDCAC613BB9405022871F3721E0EC30C60EBED99C736E327F496993F26519D6D1__XmlResponseComment> Microsoft.AspNetCore.OpenApi.Generated.<OpenApiXmlCommentSupport_generated>FDCAC613BB9405022871F3721E0EC30C60EBED99C736E327F496993F26519D6D1__XmlComment::get_Responses()
DA:55,0
FN:45,System.Void Microsoft.AspNetCore.OpenApi.Generated.<OpenApiXmlCommentSupport_generated>FDCAC613BB9405022871F3721E0EC30C60EBED99C736E327F496993F26519D6D1__XmlComment::.ctor(System.String,System.String,System.String,System.String,System.String,System.Boolean,System.Collections.Generic.List`1<System.String>,System.Collections.Generic.List`1<Microsoft.AspNetCore.OpenApi.Generated.<OpenApiXmlCommentSupport_generated>FDCAC613BB9405022871F3721E0EC30C60EBED99C736E327F496993F26519D6D1__XmlParameterComment>,System.Collections.Generic.List`1<Microsoft.AspNetCore.OpenApi.Generated.<OpenApiXmlCommentSupport_generated>FDCAC613BB9405022871F3721E0EC30C60EBED99C736E327F496993F26519D6D1__XmlResponseComment>)
FNDA:0,System.Void Microsoft.AspNetCore.OpenApi.Generated.<OpenApiXmlCommentSupport_generated>FDCAC613BB9405022871F3721E0EC30C60EBED99C736E327F496993F26519D6D1__XmlComment::.ctor(System.String,System.String,System.String,System.String,System.String,System.Boolean,System.Collections.Generic.List`1<System.String>,System.Collections.Generic.List`1<Microsoft.AspNetCore.OpenApi.Generated.<OpenApiXmlCommentSupport_generated>FDCAC613BB9405022871F3721E0EC30C60EBED99C736E327F496993F26519D6D1__XmlParameterComment>,System.Collections.Generic.List`1<Microsoft.AspNetCore.OpenApi.Generated.<OpenApiXmlCommentSupport_generated>FDCAC613BB9405022871F3721E0EC30C60EBED99C736E327F496993F26519D6D1__XmlResponseComment>)
DA:46,0
FN:57,System.String Microsoft.AspNetCore.OpenApi.Generated.<OpenApiXmlCommentSupport_generated>FDCAC613BB9405022871F3721E0EC30C60EBED99C736E327F496993F26519D6D1__XmlParameterComment::get_Name()
FNDA:0,System.String Microsoft.AspNetCore.OpenApi.Generated.<OpenApiXmlCommentSupport_generated>FDCAC613BB9405022871F3721E0EC30C60EBED99C736E327F496993F26519D6D1__XmlParameterComment::get_Name()
DA:58,0
FN:60,System.String Microsoft.AspNetCore.OpenApi.Generated.<OpenApiXmlCommentSupport_generated>FDCAC613BB9405022871F3721E0EC30C60EBED99C736E327F496993F26519D6D1__XmlResponseComment::get_Code()
FNDA:0,System.String Microsoft.AspNetCore.OpenApi.Generated.<OpenApiXmlCommentSupport_generated>FDCAC613BB9405022871F3721E0EC30C60EBED99C736E327F496993F26519D6D1__XmlResponseComment::get_Code()
DA:61,0
FN:66,System.Collections.Generic.Dictionary`2<System.String,Microsoft.AspNetCore.OpenApi.Generated.<OpenApiXmlCommentSupport_generated>FDCAC613BB9405022871F3721E0EC30C60EBED99C736E327F496993F26519D6D1__XmlComment> Microsoft.AspNetCore.OpenApi.Generated.<OpenApiXmlCommentSupport_generated>FDCAC613BB9405022871F3721E0EC30C60EBED99C736E327F496993F26519D6D1__XmlCommentCache::get_Cache()
FNDA:0,System.Collections.Generic.Dictionary`2<System.String,Microsoft.AspNetCore.OpenApi.Generated.<OpenApiXmlCommentSupport_generated>FDCAC613BB9405022871F3721E0EC30C60EBED99C736E327F496993F26519D6D1__XmlComment> Microsoft.AspNetCore.OpenApi.Generated.<OpenApiXmlCommentSupport_generated>FDCAC613BB9405022871F3721E0EC30C60EBED99C736E327F496993F26519D6D1__XmlCommentCache::get_Cache()
DA:67,0
BRDA:67,6,0,0
BRDA:67,6,1,0
FN:69,System.Collections.Generic.Dictionary`2<System.String,Microsoft.AspNetCore.OpenApi.Generated.<OpenApiXmlCommentSupport_generated>FDCAC613BB9405022871F3721E0EC30C60EBED99C736E327F496993F26519D6D1__XmlComment> Microsoft.AspNetCore.OpenApi.Generated.<OpenApiXmlCommentSupport_generated>FDCAC613BB9405022871F3721E0EC30C60EBED99C736E327F496993F26519D6D1__XmlCommentCache::GenerateCacheEntries()
FNDA:0,System.Collections.Generic.Dictionary`2<System.String,Microsoft.AspNetCore.OpenApi.Generated.<OpenApiXmlCommentSupport_generated>FDCAC613BB9405022871F3721E0EC30C60EBED99C736E327F496993F26519D6D1__XmlComment> Microsoft.AspNetCore.OpenApi.Generated.<OpenApiXmlCommentSupport_generated>FDCAC613BB9405022871F3721E0EC30C60EBED99C736E327F496993F26519D6D1__XmlCommentCache::GenerateCacheEntries()
DA:70,0
DA:71,0
DA:74,0
DA:75,0
FN:85,System.String Microsoft.AspNetCore.OpenApi.Generated.<OpenApiXmlCommentSupport_generated>FDCAC613BB9405022871F3721E0EC30C60EBED99C736E327F496993F26519D6D1__DocumentationCommentIdHelper::CreateDocumentationId(System.Type)
FNDA:0,System.String Microsoft.AspNetCore.OpenApi.Generated.<OpenApiXmlCommentSupport_generated>FDCAC613BB9405022871F3721E0EC30C60EBED99C736E327F496993F26519D6D1__DocumentationCommentIdHelper::CreateDocumentationId(System.Type)
DA:86,0
DA:87,0
DA:88,0
DA:89,0
DA:92,0
DA:93,0
BRDA:87,10,0,0
BRDA:87,10,1,0
FN:99,System.String Microsoft.AspNetCore.OpenApi.Generated.<OpenApiXmlCommentSupport_generated>FDCAC613BB9405022871F3721E0EC30C60EBED99C736E327F496993F26519D6D1__DocumentationCommentIdHelper::CreateDocumentationId(System.Reflection.PropertyInfo)
FNDA:0,System.String Microsoft.AspNetCore.OpenApi.Generated.<OpenApiXmlCommentSupport_generated>FDCAC613BB9405022871F3721E0EC30C60EBED99C736E327F496993F26519D6D1__DocumentationCommentIdHelper::CreateDocumentationId(System.Reflection.PropertyInfo)
DA:100,0
DA:101,0
DA:102,0
DA:103,0
DA:106,0
DA:107,0
DA:109,0
DA:110,0
DA:111,0
DA:112,0
DA:114,0
DA:115,0
DA:118,0
DA:119,0
DA:120,0
DA:121,0
DA:122,0
DA:123,0
DA:124,0
DA:125,0
DA:126,0
DA:127,0
DA:129,0
DA:130,0
DA:131,0
DA:132,0
DA:134,0
DA:135,0
BRDA:101,10,0,0
BRDA:101,10,1,0
BRDA:109,56,0,0
BRDA:109,56,1,0
BRDA:119,118,0,0
BRDA:122,199,1,0
BRDA:124,145,0,0
BRDA:124,145,1,0
BRDA:122,199,0,0
BRDA:119,118,1,0
FN:141,System.String Microsoft.AspNetCore.OpenApi.Generated.<OpenApiXmlCommentSupport_generated>FDCAC613BB9405022871F3721E0EC30C60EBED99C736E327F496993F26519D6D1__DocumentationCommentIdHelper::CreateDocumentationId(System.Type,System.String)
FNDA:0,System.String Microsoft.AspNetCore.OpenApi.Generated.<OpenApiXmlCommentSupport_generated>FDCAC613BB9405022871F3721E0EC30C60EBED99C736E327F496993F26519D6D1__DocumentationCommentIdHelper::CreateDocumentationId(System.Type,System.String)
DA:142,0
DA:143,0
DA:144,0
DA:145,0
DA:147,0
DA:148,0
DA:149,0
DA:152,0
DA:153,0
DA:154,0
DA:155,0
DA:156,0
DA:158,0
DA:159,0
BRDA:143,10,0,0
BRDA:143,10,1,0
BRDA:147,32,0,0
BRDA:147,32,1,0
FN:167,System.String Microsoft.AspNetCore.OpenApi.Generated.<OpenApiXmlCommentSupport_generated>FDCAC613BB9405022871F3721E0EC30C60EBED99C736E327F496993F26519D6D1__DocumentationCommentIdHelper::CreateDocumentationId(System.Reflection.MethodInfo)
FNDA:0,System.String Microsoft.AspNetCore.OpenApi.Generated.<OpenApiXmlCommentSupport_generated>FDCAC613BB9405022871F3721E0EC30C60EBED99C736E327F496993F26519D6D1__DocumentationCommentIdHelper::CreateDocumentationId(System.Reflection.MethodInfo)
DA:168,0
DA:169,0
DA:170,0
DA:171,0
DA:174,0
DA:175,0
DA:178,0
DA:179,0
DA:180,0
DA:181,0
DA:183,0
DA:186,0
DA:187,0
DA:188,0
DA:189,0
DA:191,0
DA:192,0
DA:193,0
DA:194,0
DA:195,0
DA:196,0
DA:197,0
DA:198,0
DA:201,0
DA:202,0
DA:203,0
DA:204,0
DA:205,0
DA:206,0
DA:207,0
DA:208,0
DA:209,0
DA:210,0
DA:213,0
DA:214,0
DA:215,0
DA:216,0
DA:219,0
DA:220,0
DA:221,0
DA:223,0
DA:224,0
DA:226,0
DA:227,0
BRDA:169,10,0,0
BRDA:169,10,1,0
BRDA:178,56,0,0
BRDA:178,56,1,0
BRDA:186,99,0,0
BRDA:188,109,0,0
BRDA:188,109,1,0
BRDA:186,99,1,0
BRDA:193,156,0,0
BRDA:193,156,1,0
BRDA:202,219,0,0
BRDA:205,300,1,0
BRDA:207,246,0,0
BRDA:207,246,1,0
BRDA:205,300,0,0
BRDA:202,219,1,0
BRDA:219,337,0,0
BRDA:219,337,1,0
FN:237,System.String Microsoft.AspNetCore.OpenApi.Generated.<OpenApiXmlCommentSupport_generated>FDCAC613BB9405022871F3721E0EC30C60EBED99C736E327F496993F26519D6D1__DocumentationCommentIdHelper::GetTypeDocId(System.Type,System.Boolean,System.Boolean)
FNDA:0,System.String Microsoft.AspNetCore.OpenApi.Generated.<OpenApiXmlCommentSupport_generated>FDCAC613BB9405022871F3721E0EC30C60EBED99C736E327F496993F26519D6D1__DocumentationCommentIdHelper::GetTypeDocId(System.Type,System.Boolean,System.Boolean)
DA:238,0
DA:239,0
DA:240,0
DA:242,0
DA:243,0
DA:244,0
DA:246,0
DA:247,0
DA:248,0
DA:251,0
DA:252,0
DA:256,0
DA:257,0
DA:258,0
DA:259,0
DA:261,0
DA:264,0
DA:265,0
DA:266,0
DA:267,0
DA:268,0
DA:269,0
DA:270,0
DA:271,0
DA:272,0
DA:273,0
DA:276,0
DA:277,0
DA:278,0
DA:279,0
DA:281,0
DA:282,0
DA:283,0
DA:284,0
DA:285,0
DA:286,0
DA:288,0
DA:289,0
DA:290,0
DA:291,0
DA:293,0
DA:294,0
DA:295,0
DA:296,0
DA:297,0
DA:298,0
DA:300,0
DA:301,0
DA:303,0
DA:304,0
DA:306,0
DA:310,0
DA:311,0
BRDA:239,9,0,0
BRDA:242,26,0,0
BRDA:242,26,1,0
BRDA:246,75,0,0
BRDA:246,75,1,0
BRDA:239,9,1,0
BRDA:256,131,0,0
BRDA:259,153,0,0
BRDA:259,153,1,0
BRDA:264,271,1,0
BRDA:267,206,0,0
BRDA:267,206,1,0
BRDA:271,232,0,0
BRDA:271,232,1,0
BRDA:264,271,0,0
BRDA:281,281,0,0
BRDA:281,281,1,0
BRDA:288,332,0,0
BRDA:288,332,1,0
BRDA:288,350,0,0
BRDA:293,439,1,0
BRDA:295,386,0,0
BRDA:295,386,1,0
BRDA:293,439,0,0
BRDA:288,350,1,0
BRDA:256,131,1,0
BRDA:310,469,0,0
BRDA:310,469,1,0
FN:319,System.String Microsoft.AspNetCore.OpenApi.Generated.<OpenApiXmlCommentSupport_generated>FDCAC613BB9405022871F3721E0EC30C60EBED99C736E327F496993F26519D6D1__DocumentationCommentIdHelper::NormalizeDocId(System.String)
FNDA:0,System.String Microsoft.AspNetCore.OpenApi.Generated.<OpenApiXmlCommentSupport_generated>FDCAC613BB9405022871F3721E0EC30C60EBED99C736E327F496993F26519D6D1__DocumentationCommentIdHelper::NormalizeDocId(System.String)
DA:320,0
DA:322,0
DA:323,0
DA:324,0
DA:326,0
DA:331,0
DA:332,0
DA:333,0
DA:337,0
DA:338,0
BRDA:323,16,0,0
BRDA:323,16,1,0
BRDA:331,34,0,0
BRDA:331,34,1,0
BRDA:331,52,0,0
BRDA:331,52,1,0
FN:344,System.Threading.Tasks.Task Microsoft.AspNetCore.OpenApi.Generated.<OpenApiXmlCommentSupport_generated>FDCAC613BB9405022871F3721E0EC30C60EBED99C736E327F496993F26519D6D1__XmlCommentOperationTransformer::TransformAsync(Microsoft.OpenApi.OpenApiOperation,Microsoft.AspNetCore.OpenApi.OpenApiOperationTransformerContext,System.Threading.CancellationToken)
FNDA:0,System.Threading.Tasks.Task Microsoft.AspNetCore.OpenApi.Generated.<OpenApiXmlCommentSupport_generated>FDCAC613BB9405022871F3721E0EC30C60EBED99C736E327F496993F26519D6D1__XmlCommentOperationTransformer::TransformAsync(Microsoft.OpenApi.OpenApiOperation,Microsoft.AspNetCore.OpenApi.OpenApiOperationTransformerContext,System.Threading.CancellationToken)
DA:345,0
DA:346,0
DA:347,0
DA:348,0
DA:350,0
DA:351,0
DA:352,0
DA:354,0
DA:355,0
DA:356,0
DA:357,0
DA:358,0
DA:359,0
DA:360,0
DA:361,0
DA:362,0
DA:363,0
DA:364,0
DA:365,0
DA:366,0
DA:367,0
DA:368,0
DA:369,0
DA:370,0
DA:371,0
DA:372,0
DA:373,0
DA:374,0
DA:375,0
DA:376,0
DA:377,0
DA:378,0
DA:379,0
DA:380,0
DA:381,0
DA:382,0
DA:383,0
DA:385,0
DA:386,0
DA:387,0
DA:388,0
DA:389,0
DA:390,0
DA:391,0
DA:392,0
DA:393,0
DA:394,0
DA:395,0
DA:397,0
DA:398,0
DA:399,0
DA:400,0
DA:401,0
DA:402,0
DA:403,0
DA:404,0
DA:405,0
DA:407,0
DA:408,0
DA:409,0
DA:410,0
DA:411,0
DA:413,0
DA:414,0
DA:415,0
DA:416,0
DA:417,0
DA:418,0
DA:419,0
DA:420,0
DA:421,0
DA:422,0
DA:423,0
DA:424,0
DA:425,0
DA:426,0
DA:427,0
DA:428,0
DA:429,0
DA:430,0
DA:431,0
DA:432,0
DA:433,0
DA:434,0
DA:435,0
DA:436,0
DA:437,0
DA:438,0
DA:439,0
DA:440,0
DA:441,0
DA:442,0
DA:443,0
DA:444,0
DA:445,0
DA:446,0
DA:447,0
DA:448,0
DA:449,0
DA:450,0
DA:451,0
DA:452,0
DA:453,0
DA:454,0
DA:455,0
DA:456,0
DA:458,0
DA:459,0
DA:460,0
DA:461,0
DA:462,0
DA:463,0
DA:464,0
DA:465,0
DA:467,0
DA:468,0
DA:469,0
DA:470,0
DA:471,0
DA:472,0
DA:473,0
DA:474,0
DA:475,0
DA:476,0
DA:477,0
DA:478,0
DA:480,0
DA:481,0
BRDA:346,19,0,0
BRDA:346,19,1,0
BRDA:350,62,0,0
BRDA:350,62,1,0
BRDA:354,104,0,0
BRDA:356,127,0,0
BRDA:356,127,1,0
BRDA:360,157,0,0
BRDA:360,157,1,0
BRDA:364,187,0,0
BRDA:364,187,1,0
BRDA:368,210,0,0
BRDA:368,210,1,0
BRDA:368,229,0,0
BRDA:370,629,1,0
BRDA:373,309,0,0
BRDA:373,309,1,0
BRDA:374,344,0,0
BRDA:378,399,0,0
BRDA:378,399,1,0
BRDA:374,344,1,0
BRDA:387,462,0,0
BRDA:390,511,0,0
BRDA:392,516,0,0
BRDA:392,516,1,0
BRDA:392,529,0,0
BRDA:392,529,1,0
BRDA:393,551,0,0
BRDA:393,551,1,0
BRDA:397,601,1,0
BRDA:397,601,0,0
BRDA:390,511,1,0
BRDA:387,462,1,0
BRDA:370,629,0,0
BRDA:368,229,1,0
BRDA:407,662,0,0
BRDA:407,674,0,0
BRDA:407,674,1,0
BRDA:407,662,1,0
BRDA:407,696,0,0
BRDA:407,696,1,0
BRDA:413,738,0,0
BRDA:413,748,0,0
BRDA:413,760,0,0
BRDA:413,760,1,0
BRDA:413,738,1,0
BRDA:413,748,1,0
BRDA:413,782,0,0
BRDA:415,898,1,0
BRDA:418,861,0,0
BRDA:418,861,1,0
BRDA:415,898,0,0
BRDA:413,782,1,0
BRDA:354,104,1,0
BRDA:425,1499,1,0
BRDA:428,981,0,0
BRDA:428,996,0,0
BRDA:428,1014,0,0
BRDA:428,981,1,0
BRDA:428,996,1,0
BRDA:428,1014,1,0
BRDA:428,1042,0,0
BRDA:434,1082,0,0
BRDA:436,1095,0,0
BRDA:436,1095,1,0
BRDA:438,1137,0,0
BRDA:438,1137,1,0
BRDA:438,1161,0,0
BRDA:438,1161,1,0
BRDA:442,1199,0,0
BRDA:442,1199,1,0
BRDA:446,1221,0,0
BRDA:448,1243,0,0
BRDA:451,1271,0,0
BRDA:451,1271,1,0
BRDA:451,1293,0,0
BRDA:453,1308,0,0
BRDA:453,1308,1,0
BRDA:454,1330,0,0
BRDA:454,1330,1,0
BRDA:459,1387,1,0
BRDA:459,1387,0,0
BRDA:451,1293,1,0
BRDA:446,1221,1,0
BRDA:468,1426,0,0
BRDA:471,1447,0,0
BRDA:471,1447,1,0
BRDA:471,1469,0,0
BRDA:471,1469,1,0
BRDA:468,1426,1,0
BRDA:434,1082,1,0
BRDA:428,1042,1,0
BRDA:448,1243,1,0
BRDA:425,1499,0,0
FN:483,Microsoft.OpenApi.OpenApiParameter Microsoft.AspNetCore.OpenApi.Generated.<OpenApiXmlCommentSupport_generated>FDCAC613BB9405022871F3721E0EC30C60EBED99C736E327F496993F26519D6D1__XmlCommentOperationTransformer::UnwrapOpenApiParameter(Microsoft.OpenApi.IOpenApiParameter)
FNDA:0,Microsoft.OpenApi.OpenApiParameter Microsoft.AspNetCore.OpenApi.Generated.<OpenApiXmlCommentSupport_generated>FDCAC613BB9405022871F3721E0EC30C60EBED99C736E327F496993F26519D6D1__XmlCommentOperationTransformer::UnwrapOpenApiParameter(Microsoft.OpenApi.IOpenApiParameter)
DA:484,0
DA:485,0
DA:486,0
DA:487,0
DA:488,0
DA:489,0
DA:492,0
DA:493,0
DA:496,0
DA:497,0
DA:498,0
DA:501,0
DA:502,0
DA:504,0
BRDA:485,14,0,0
BRDA:487,35,0,0
BRDA:487,35,1,0
BRDA:485,14,1,0
BRDA:496,72,0,0
BRDA:496,72,1,0
FN:510,System.Threading.Tasks.Task Microsoft.AspNetCore.OpenApi.Generated.<OpenApiXmlCommentSupport_generated>FDCAC613BB9405022871F3721E0EC30C60EBED99C736E327F496993F26519D6D1__XmlCommentSchemaTransformer::TransformAsync(Microsoft.OpenApi.OpenApiSchema,Microsoft.AspNetCore.OpenApi.OpenApiSchemaTransformerContext,System.Threading.CancellationToken)
FNDA:0,System.Threading.Tasks.Task Microsoft.AspNetCore.OpenApi.Generated.<OpenApiXmlCommentSupport_generated>FDCAC613BB9405022871F3721E0EC30C60EBED99C736E327F496993F26519D6D1__XmlCommentSchemaTransformer::TransformAsync(Microsoft.OpenApi.OpenApiSchema,Microsoft.AspNetCore.OpenApi.OpenApiSchemaTransformerContext,System.Threading.CancellationToken)
DA:511,0
DA:513,0
DA:514,0
DA:515,0
DA:516,0
DA:517,0
DA:518,0
DA:519,0
DA:520,0
DA:522,0
DA:523,0
DA:525,0
DA:526,0
DA:527,0
DA:528,0
DA:529,0
DA:530,0
DA:531,0
DA:532,0
DA:533,0
DA:534,0
DA:535,0
DA:536,0
DA:537,0
DA:538,0
DA:539,0
DA:541,0
DA:542,0
DA:543,0
DA:544,0
DA:545,0
DA:546,0
DA:548,0
DA:550,0
DA:551,0
DA:552,0
DA:553,0
DA:554,0
DA:555,0
DA:556,0
DA:557,0
DA:558,0
DA:559,0
DA:560,0
DA:561,0
DA:562,0
BRDA:513,36,0,0
BRDA:516,59,0,0
BRDA:516,59,1,0
BRDA:516,79,0,0
BRDA:516,79,1,0
BRDA:513,36,1,0
BRDA:522,107,0,0
BRDA:522,107,1,0
BRDA:522,133,0,0
BRDA:525,166,0,0
BRDA:528,188,0,0
BRDA:528,188,1,0
BRDA:528,212,0,0
BRDA:528,212,1,0
BRDA:532,250,0,0
BRDA:532,250,1,0
BRDA:536,269,0,0
BRDA:536,289,0,0
BRDA:536,269,1,0
BRDA:536,289,1,0
BRDA:536,310,0,0
BRDA:542,330,0,0
BRDA:542,330,1,0
BRDA:542,352,0,0
BRDA:542,352,1,0
BRDA:536,310,1,0
BRDA:550,388,0,0
BRDA:550,388,1,0
BRDA:554,419,0,0
BRDA:554,419,1,0
BRDA:554,441,0,0
BRDA:554,441,1,0
BRDA:525,166,1,0
BRDA:522,133,1,0
FN:568,System.Text.Json.Nodes.JsonNode Microsoft.AspNetCore.OpenApi.Generated.<OpenApiXmlCommentSupport_generated>FDCAC613BB9405022871F3721E0EC30C60EBED99C736E327F496993F26519D6D1__JsonNodeExtensions::Parse(System.String)
FNDA:0,System.Text.Json.Nodes.JsonNode Microsoft.AspNetCore.OpenApi.Generated.<OpenApiXmlCommentSupport_generated>FDCAC613BB9405022871F3721E0EC30C60EBED99C736E327F496993F26519D6D1__JsonNodeExtensions::Parse(System.String)
DA:569,0
DA:570,0
DA:571,0
DA:572,0
DA:576,0
DA:577,0
DA:579,0
DA:580,0
DA:582,0
DA:584,0
DA:586,0
DA:587,0
DA:588,0
DA:591,0
BRDA:570,7,0,0
BRDA:570,7,1,0
FN:598,Microsoft.Extensions.DependencyInjection.IServiceCollection Microsoft.AspNetCore.OpenApi.Generated.<OpenApiXmlCommentSupport_generated>FDCAC613BB9405022871F3721E0EC30C60EBED99C736E327F496993F26519D6D1__GeneratedServiceCollectionExtensions::AddOpenApi(Microsoft.Extensions.DependencyInjection.IServiceCollection)
FNDA:0,Microsoft.Extensions.DependencyInjection.IServiceCollection Microsoft.AspNetCore.OpenApi.Generated.<OpenApiXmlCommentSupport_generated>FDCAC613BB9405022871F3721E0EC30C60EBED99C736E327F496993F26519D6D1__GeneratedServiceCollectionExtensions::AddOpenApi(Microsoft.Extensions.DependencyInjection.IServiceCollection)
DA:599,0
DA:600,0
DA:601,0
DA:602,0
DA:603,0
DA:604,0
DA:605,0
FN:19,System.Void System.Runtime.CompilerServices.<OpenApiXmlCommentSupport_generated>FDCAC613BB9405022871F3721E0EC30C60EBED99C736E327F496993F26519D6D1__InterceptsLocationAttribute::.ctor(System.Int32,System.String)
FNDA:0,System.Void System.Runtime.CompilerServices.<OpenApiXmlCommentSupport_generated>FDCAC613BB9405022871F3721E0EC30C60EBED99C736E327F496993F26519D6D1__InterceptsLocationAttribute::.ctor(System.Int32,System.String)
DA:20,0
DA:21,0
DA:22,0
LF:384
LH:0
BRF:206
BRH:0
FNF:26
FNH:0
end_of_record
SF:/Users/dhanushkeloth/presidio_genspark_training/capstone-projectv3/backend/ShipmentTrackingAPI/Validation/StrongPasswordAttribute.cs
FN:8,System.ComponentModel.DataAnnotations.ValidationResult ShipmentTrackingAPI.Validation.StrongPasswordAttribute::IsValid(System.Object,System.ComponentModel.DataAnnotations.ValidationContext)
FNDA:0,System.ComponentModel.DataAnnotations.ValidationResult ShipmentTrackingAPI.Validation.StrongPasswordAttribute::IsValid(System.Object,System.ComponentModel.DataAnnotations.ValidationContext)
DA:9,0
DA:10,0
DA:14,0
DA:15,0
DA:16,0
DA:20,0
DA:22,0
DA:23,0
DA:25,0
DA:26,0
DA:29,0
DA:30,0
BRDA:14,16,0,0
BRDA:14,16,1,0
BRDA:22,52,0,0
BRDA:25,62,0,0
BRDA:25,62,1,0
BRDA:22,52,1,0
LF:12
LH:0
BRF:6
BRH:0
FNF:1
FNH:0
end_of_record
SF:/Users/dhanushkeloth/presidio_genspark_training/capstone-projectv3/backend/ShipmentTrackingAPI/Validation/ValidPhoneNumberAttribute.cs
FN:8,System.ComponentModel.DataAnnotations.ValidationResult ShipmentTrackingAPI.Validation.ValidPhoneNumberAttribute::IsValid(System.Object,System.ComponentModel.DataAnnotations.ValidationContext)
FNDA:0,System.ComponentModel.DataAnnotations.ValidationResult ShipmentTrackingAPI.Validation.ValidPhoneNumberAttribute::IsValid(System.Object,System.ComponentModel.DataAnnotations.ValidationContext)
DA:9,0
DA:10,0
DA:12,0
DA:13,0
DA:14,0
DA:18,0
DA:21,0
DA:23,0
DA:24,0
DA:25,0
DA:26,0
DA:29,0
DA:30,0
BRDA:12,16,0,0
BRDA:12,16,1,0
BRDA:23,70,0,0
BRDA:25,80,0,0
BRDA:25,80,1,0
BRDA:23,70,1,0
LF:13
LH:0
BRF:6
BRH:0
FNF:1
FNH:0
end_of_record
SF:/Users/dhanushkeloth/presidio_genspark_training/capstone-projectv3/backend/ShipmentTrackingAPI/Repositories/CustomerRepository.cs
FN:69,System.Threading.Tasks.Task ShipmentTrackingAPI.Repositories.CustomerRepository::DeleteSavedAddressAsync(ShipmentTrackingAPI.Models.SavedAddress)
FNDA:0,System.Threading.Tasks.Task ShipmentTrackingAPI.Repositories.CustomerRepository::DeleteSavedAddressAsync(ShipmentTrackingAPI.Models.SavedAddress)
DA:70,0
DA:71,0
DA:72,0
DA:73,0
FN:78,System.Threading.Tasks.Task ShipmentTrackingAPI.Repositories.CustomerRepository::UpdateAddressAsync(ShipmentTrackingAPI.Models.SavedAddress)
FNDA:0,System.Threading.Tasks.Task ShipmentTrackingAPI.Repositories.CustomerRepository::UpdateAddressAsync(ShipmentTrackingAPI.Models.SavedAddress)
DA:79,0
DA:80,0
DA:81,0
DA:82,0
FN:12,System.Void ShipmentTrackingAPI.Repositories.CustomerRepository::.ctor(ShipmentTrackingAPI.Data.AppDbContext)
FNDA:0,System.Void ShipmentTrackingAPI.Repositories.CustomerRepository::.ctor(ShipmentTrackingAPI.Data.AppDbContext)
DA:13,0
FN:54,System.Void ShipmentTrackingAPI.Repositories.CustomerRepository/<>c::<ClearDefaultAddressAsync>b__4_1(Microsoft.EntityFrameworkCore.Query.UpdateSettersBuilder`1<ShipmentTrackingAPI.Models.SavedAddress>)
FNDA:0,System.Void ShipmentTrackingAPI.Repositories.CustomerRepository/<>c::<ClearDefaultAddressAsync>b__4_1(Microsoft.EntityFrameworkCore.Query.UpdateSettersBuilder`1<ShipmentTrackingAPI.Models.SavedAddress>)
DA:55,0
FN:61,System.Void ShipmentTrackingAPI.Repositories.CustomerRepository/<AddSavedAddressAsync>d__5::MoveNext()
FNDA:0,System.Void ShipmentTrackingAPI.Repositories.CustomerRepository/<AddSavedAddressAsync>d__5::MoveNext()
DA:62,0
DA:63,0
DA:64,0
FN:51,System.Void ShipmentTrackingAPI.Repositories.CustomerRepository/<ClearDefaultAddressAsync>d__4::MoveNext()
FNDA:0,System.Void ShipmentTrackingAPI.Repositories.CustomerRepository/<ClearDefaultAddressAsync>d__4::MoveNext()
DA:52,0
DA:53,0
DA:54,0
DA:56,0
FN:18,System.Void ShipmentTrackingAPI.Repositories.CustomerRepository/<GetByUserIdAsync>d__1::MoveNext()
FNDA:0,System.Void ShipmentTrackingAPI.Repositories.CustomerRepository/<GetByUserIdAsync>d__1::MoveNext()
DA:19,0
DA:20,0
DA:21,0
DA:22,0
DA:23,0
FN:41,System.Void ShipmentTrackingAPI.Repositories.CustomerRepository/<GetSavedAddressByIdAsync>d__3::MoveNext()
FNDA:0,System.Void ShipmentTrackingAPI.Repositories.CustomerRepository/<GetSavedAddressByIdAsync>d__3::MoveNext()
DA:42,0
DA:44,0
DA:45,0
DA:46,0
FN:28,System.Void ShipmentTrackingAPI.Repositories.CustomerRepository/<GetSavedAddressesAsync>d__2::MoveNext()
FNDA:0,System.Void ShipmentTrackingAPI.Repositories.CustomerRepository/<GetSavedAddressesAsync>d__2::MoveNext()
DA:29,0
DA:30,0
DA:31,0
DA:32,0
DA:33,0
DA:34,0
DA:35,0
DA:36,0
LF:34
LH:0
BRF:0
BRH:0
FNF:9
FNH:0
end_of_record
SF:/Users/dhanushkeloth/presidio_genspark_training/capstone-projectv3/backend/ShipmentTrackingAPI/Repositories/DriverRepository.cs
FN:12,System.Void ShipmentTrackingAPI.Repositories.DriverRepository::.ctor(ShipmentTrackingAPI.Data.AppDbContext)
FNDA:0,System.Void ShipmentTrackingAPI.Repositories.DriverRepository::.ctor(ShipmentTrackingAPI.Data.AppDbContext)
DA:13,0
FN:40,System.Void ShipmentTrackingAPI.Repositories.DriverRepository/<>c__DisplayClass3_0::<UpdateGpsAsync>b__1(Microsoft.EntityFrameworkCore.Query.UpdateSettersBuilder`1<ShipmentTrackingAPI.Models.DriverProfile>)
FNDA:0,System.Void ShipmentTrackingAPI.Repositories.DriverRepository/<>c__DisplayClass3_0::<UpdateGpsAsync>b__1(Microsoft.EntityFrameworkCore.Query.UpdateSettersBuilder`1<ShipmentTrackingAPI.Models.DriverProfile>)
DA:41,0
DA:42,0
DA:43,0
FN:18,System.Void ShipmentTrackingAPI.Repositories.DriverRepository/<GetByUserIdAsync>d__1::MoveNext()
FNDA:0,System.Void ShipmentTrackingAPI.Repositories.DriverRepository/<GetByUserIdAsync>d__1::MoveNext()
DA:19,0
DA:20,0
DA:21,0
DA:22,0
DA:23,0
FN:28,System.Void ShipmentTrackingAPI.Repositories.DriverRepository/<LicenseNumberExistsAsync>d__2::MoveNext()
FNDA:0,System.Void ShipmentTrackingAPI.Repositories.DriverRepository/<LicenseNumberExistsAsync>d__2::MoveNext()
DA:29,0
DA:30,0
DA:31,0
DA:32,0
FN:37,System.Void ShipmentTrackingAPI.Repositories.DriverRepository/<UpdateGpsAsync>d__3::MoveNext()
FNDA:0,System.Void ShipmentTrackingAPI.Repositories.DriverRepository/<UpdateGpsAsync>d__3::MoveNext()
DA:38,0
DA:39,0
DA:40,0
DA:44,0
LF:17
LH:0
BRF:0
BRH:0
FNF:5
FNH:0
end_of_record
SF:/Users/dhanushkeloth/presidio_genspark_training/capstone-projectv3/backend/ShipmentTrackingAPI/Repositories/Repository.cs
FN:34,System.Threading.Tasks.Task ShipmentTrackingAPI.Repositories.BaseRepository`1::UpdateAsync(T)
FNDA:0,System.Threading.Tasks.Task ShipmentTrackingAPI.Repositories.BaseRepository`1::UpdateAsync(T)
DA:35,0
DA:38,0
DA:39,0
DA:40,0
FN:57,System.Threading.Tasks.Task ShipmentTrackingAPI.Repositories.BaseRepository`1::DeleteAsync(T)
FNDA:0,System.Threading.Tasks.Task ShipmentTrackingAPI.Repositories.BaseRepository`1::DeleteAsync(T)
DA:58,0
DA:59,0
DA:60,0
DA:61,0
FN:16,System.Void ShipmentTrackingAPI.Repositories.BaseRepository`1::.ctor(ShipmentTrackingAPI.Data.AppDbContext)
FNDA:0,System.Void ShipmentTrackingAPI.Repositories.BaseRepository`1::.ctor(ShipmentTrackingAPI.Data.AppDbContext)
DA:17,0
DA:18,0
DA:19,0
DA:20,0
DA:21,0
FN:29,System.Void ShipmentTrackingAPI.Repositories.BaseRepository`1/<AddAsync>d__4::MoveNext()
FNDA:0,System.Void ShipmentTrackingAPI.Repositories.BaseRepository`1/<AddAsync>d__4::MoveNext()
DA:30,0
DA:31,0
DA:32,0
FN:52,System.Void ShipmentTrackingAPI.Repositories.BaseRepository`1/<FindAsync>d__7::MoveNext()
FNDA:0,System.Void ShipmentTrackingAPI.Repositories.BaseRepository`1/<FindAsync>d__7::MoveNext()
DA:53,0
DA:54,0
DA:55,0
FN:23,System.Void ShipmentTrackingAPI.Repositories.BaseRepository`1/<GetByIdAsync>d__3::MoveNext()
FNDA:0,System.Void ShipmentTrackingAPI.Repositories.BaseRepository`1/<GetByIdAsync>d__3::MoveNext()
DA:24,0
DA:26,0
DA:27,0
FN:42,System.Void ShipmentTrackingAPI.Repositories.BaseRepository`1/<SaveAsync>d__6::MoveNext()
FNDA:0,System.Void ShipmentTrackingAPI.Repositories.BaseRepository`1/<SaveAsync>d__6::MoveNext()
DA:43,0
DA:45,0
DA:46,0
LF:25
LH:0
BRF:0
BRH:0
FNF:7
FNH:0
end_of_record
SF:/Users/dhanushkeloth/presidio_genspark_training/capstone-projectv3/backend/ShipmentTrackingAPI/Repositories/ShipmentRepository.cs
FN:17,System.Void ShipmentTrackingAPI.Repositories.ShipmentRepository::.ctor(ShipmentTrackingAPI.Data.AppDbContext)
FNDA:0,System.Void ShipmentTrackingAPI.Repositories.ShipmentRepository::.ctor(ShipmentTrackingAPI.Data.AppDbContext)
DA:18,0
FN:140,System.Void ShipmentTrackingAPI.Repositories.ShipmentRepository/<AddEventAsync>d__7::MoveNext()
FNDA:0,System.Void ShipmentTrackingAPI.Repositories.ShipmentRepository/<AddEventAsync>d__7::MoveNext()
DA:141,0
DA:142,0
DA:143,0
FN:25,System.Void ShipmentTrackingAPI.Repositories.ShipmentRepository/<GetByIdWithAddressesAsync>d__1::MoveNext()
FNDA:0,System.Void ShipmentTrackingAPI.Repositories.ShipmentRepository/<GetByIdWithAddressesAsync>d__1::MoveNext()
DA:26,0
DA:27,0
DA:28,0
DA:29,0
DA:30,0
DA:31,0
DA:32,0
DA:33,0
DA:34,0
DA:35,0
DA:36,0
DA:37,0
FN:52,System.Void ShipmentTrackingAPI.Repositories.ShipmentRepository/<GetByIdWithLockAsync>d__2::MoveNext()
FNDA:0,System.Void ShipmentTrackingAPI.Repositories.ShipmentRepository/<GetByIdWithLockAsync>d__2::MoveNext()
DA:53,0
DA:55,0
DA:57,0
DA:58,0
DA:59,0
DA:60,0
DA:61,0
FN:89,System.Void ShipmentTrackingAPI.Repositories.ShipmentRepository/<GetInTransitShipmentsAsync>d__4::MoveNext()
FNDA:0,System.Void ShipmentTrackingAPI.Repositories.ShipmentRepository/<GetInTransitShipmentsAsync>d__4::MoveNext()
DA:90,0
DA:91,0
DA:92,0
DA:93,0
DA:94,0
DA:95,0
DA:96,0
DA:97,0
DA:98,0
DA:99,0
FN:69,System.Void ShipmentTrackingAPI.Repositories.ShipmentRepository/<GetShipmentByTrackingNumberAsync>d__3::MoveNext()
FNDA:0,System.Void ShipmentTrackingAPI.Repositories.ShipmentRepository/<GetShipmentByTrackingNumberAsync>d__3::MoveNext()
DA:70,0
DA:71,0
DA:72,0
DA:73,0
DA:74,0
DA:75,0
FN:186,System.Void ShipmentTrackingAPI.Repositories.ShipmentRepository/<HasActiveShipmentAsync>d__9::MoveNext()
FNDA:0,System.Void ShipmentTrackingAPI.Repositories.ShipmentRepository/<HasActiveShipmentAsync>d__9::MoveNext()
DA:187,0
DA:188,0
DA:189,0
DA:190,0
DA:191,0
DA:192,0
DA:193,0
DA:195,0
DA:196,0
DA:197,0
DA:198,0
FN:118,System.Void ShipmentTrackingAPI.Repositories.ShipmentRepository/<IsDuplicateBookingAsync>d__6::MoveNext()
FNDA:0,System.Void ShipmentTrackingAPI.Repositories.ShipmentRepository/<IsDuplicateBookingAsync>d__6::MoveNext()
DA:119,0
DA:120,0
DA:122,0
DA:123,0
DA:124,0
DA:125,0
DA:126,0
DA:127,0
DA:128,0
DA:129,0
DA:130,0
FN:107,System.Void ShipmentTrackingAPI.Repositories.ShipmentRepository/<IsTrackingNumberUniqueAsync>d__5::MoveNext()
FNDA:0,System.Void ShipmentTrackingAPI.Repositories.ShipmentRepository/<IsTrackingNumberUniqueAsync>d__5::MoveNext()
DA:108,0
DA:109,0
DA:110,0
FN:160,System.Void ShipmentTrackingAPI.Repositories.ShipmentRepository/<UpsertOtpWindowAsync>d__8::MoveNext()
FNDA:0,System.Void ShipmentTrackingAPI.Repositories.ShipmentRepository/<UpsertOtpWindowAsync>d__8::MoveNext()
DA:161,0
DA:162,0
DA:163,0
DA:164,0
DA:165,0
DA:166,0
DA:167,0
DA:168,0
DA:169,0
DA:170,0
DA:171,0
DA:172,0
DA:173,0
DA:174,0
DA:176,0
DA:177,0
DA:178,0
DA:179,0
DA:180,0
DA:181,0
DA:182,0
DA:183,0
DA:184,0
DA:185,0
LF:88
LH:0
BRF:0
BRH:0
FNF:10
FNH:0
end_of_record
SF:/Users/dhanushkeloth/presidio_genspark_training/capstone-projectv3/backend/ShipmentTrackingAPI/Repositories/UserRepository.cs
FN:10,System.Void ShipmentTrackingAPI.Repositories.UserRepository::.ctor(ShipmentTrackingAPI.Data.AppDbContext)
FNDA:0,System.Void ShipmentTrackingAPI.Repositories.UserRepository::.ctor(ShipmentTrackingAPI.Data.AppDbContext)
DA:11,0
DA:12,0
DA:13,0
FN:22,System.Void ShipmentTrackingAPI.Repositories.UserRepository/<EmailExistsAsync>d__2::MoveNext()
FNDA:0,System.Void ShipmentTrackingAPI.Repositories.UserRepository/<EmailExistsAsync>d__2::MoveNext()
DA:23,0
DA:26,0
DA:27,0
FN:15,System.Void ShipmentTrackingAPI.Repositories.UserRepository/<GetByEmailAsync>d__1::MoveNext()
FNDA:0,System.Void ShipmentTrackingAPI.Repositories.UserRepository/<GetByEmailAsync>d__1::MoveNext()
DA:16,0
DA:19,0
DA:20,0
LF:9
LH:0
BRF:0
BRH:0
FNF:3
FNH:0
end_of_record
SF:/Users/dhanushkeloth/presidio_genspark_training/capstone-projectv3/backend/ShipmentTrackingAPI/Models/DTOs/Shipment/BookShipmentRequestDto.cs
FN:7,System.String ShipmentTrackingAPI.DTOs.Shipment.BookShipmentRequestDto::get_PickupAddress()
FNDA:0,System.String ShipmentTrackingAPI.DTOs.Shipment.BookShipmentRequestDto::get_PickupAddress()
DA:8,0
FN:8,System.Nullable`1<System.Double> ShipmentTrackingAPI.DTOs.Shipment.BookShipmentRequestDto::get_PickupLat()
FNDA:0,System.Nullable`1<System.Double> ShipmentTrackingAPI.DTOs.Shipment.BookShipmentRequestDto::get_PickupLat()
DA:9,0
FN:9,System.Nullable`1<System.Double> ShipmentTrackingAPI.DTOs.Shipment.BookShipmentRequestDto::get_PickupLng()
FNDA:0,System.Nullable`1<System.Double> ShipmentTrackingAPI.DTOs.Shipment.BookShipmentRequestDto::get_PickupLng()
DA:10,0
FN:12,System.String ShipmentTrackingAPI.DTOs.Shipment.BookShipmentRequestDto::get_DropoffAddress()
FNDA:0,System.String ShipmentTrackingAPI.DTOs.Shipment.BookShipmentRequestDto::get_DropoffAddress()
DA:13,0
FN:13,System.Nullable`1<System.Double> ShipmentTrackingAPI.DTOs.Shipment.BookShipmentRequestDto::get_DropoffLat()
FNDA:0,System.Nullable`1<System.Double> ShipmentTrackingAPI.DTOs.Shipment.BookShipmentRequestDto::get_DropoffLat()
DA:14,0
FN:14,System.Nullable`1<System.Double> ShipmentTrackingAPI.DTOs.Shipment.BookShipmentRequestDto::get_DropoffLng()
FNDA:0,System.Nullable`1<System.Double> ShipmentTrackingAPI.DTOs.Shipment.BookShipmentRequestDto::get_DropoffLng()
DA:15,0
FN:17,System.String ShipmentTrackingAPI.DTOs.Shipment.BookShipmentRequestDto::get_RecipientName()
FNDA:0,System.String ShipmentTrackingAPI.DTOs.Shipment.BookShipmentRequestDto::get_RecipientName()
DA:18,0
FN:21,System.String ShipmentTrackingAPI.DTOs.Shipment.BookShipmentRequestDto::get_RecipientPhone()
FNDA:0,System.String ShipmentTrackingAPI.DTOs.Shipment.BookShipmentRequestDto::get_RecipientPhone()
DA:22,0
FN:25,System.Collections.Generic.List`1<ShipmentTrackingAPI.DTOs.Shipment.ShipmentItemRequestDto> ShipmentTrackingAPI.DTOs.Shipment.BookShipmentRequestDto::get_Items()
FNDA:0,System.Collections.Generic.List`1<ShipmentTrackingAPI.DTOs.Shipment.ShipmentItemRequestDto> ShipmentTrackingAPI.DTOs.Shipment.BookShipmentRequestDto::get_Items()
DA:26,0
FN:31,System.String ShipmentTrackingAPI.DTOs.Shipment.ShipmentItemRequestDto::get_Description()
FNDA:0,System.String ShipmentTrackingAPI.DTOs.Shipment.ShipmentItemRequestDto::get_Description()
DA:32,0
FN:34,System.Decimal ShipmentTrackingAPI.DTOs.Shipment.ShipmentItemRequestDto::get_Weight()
FNDA:0,System.Decimal ShipmentTrackingAPI.DTOs.Shipment.ShipmentItemRequestDto::get_Weight()
DA:35,0
FN:37,System.Int32 ShipmentTrackingAPI.DTOs.Shipment.ShipmentItemRequestDto::get_Quantity()
FNDA:0,System.Int32 ShipmentTrackingAPI.DTOs.Shipment.ShipmentItemRequestDto::get_Quantity()
DA:38,0
FN:44,System.Nullable`1<System.Decimal> ShipmentTrackingAPI.DTOs.Shipment.ShipmentItemRequestDto::get_Height()
FNDA:0,System.Nullable`1<System.Decimal> ShipmentTrackingAPI.DTOs.Shipment.ShipmentItemRequestDto::get_Height()
DA:45,0
FN:47,System.Nullable`1<System.Decimal> ShipmentTrackingAPI.DTOs.Shipment.ShipmentItemRequestDto::get_Width()
FNDA:0,System.Nullable`1<System.Decimal> ShipmentTrackingAPI.DTOs.Shipment.ShipmentItemRequestDto::get_Width()
DA:48,0
FN:50,System.Nullable`1<System.Decimal> ShipmentTrackingAPI.DTOs.Shipment.ShipmentItemRequestDto::get_Length()
FNDA:0,System.Nullable`1<System.Decimal> ShipmentTrackingAPI.DTOs.Shipment.ShipmentItemRequestDto::get_Length()
DA:51,0
LF:15
LH:0
BRF:0
BRH:0
FNF:15
FNH:0
end_of_record
SF:/Users/dhanushkeloth/presidio_genspark_training/capstone-projectv3/backend/ShipmentTrackingAPI/Models/DTOs/Shipment/FailDeliveryRequestDto.cs
FN:8,System.String ShipmentTrackingAPI.DTOs.Shipment.FailDeliveryRequestDto::get_Reason()
FNDA:0,System.String ShipmentTrackingAPI.DTOs.Shipment.FailDeliveryRequestDto::get_Reason()
DA:9,0
LF:1
LH:0
BRF:0
BRH:0
FNF:1
FNH:0
end_of_record
SF:/Users/dhanushkeloth/presidio_genspark_training/capstone-projectv3/backend/ShipmentTrackingAPI/Models/DTOs/Shipment/PendingJobDto.cs
FN:5,System.Int32 ShipmentTrackingAPI.DTOs.Shipment.PendingJobDto::get_Id()
FNDA:0,System.Int32 ShipmentTrackingAPI.DTOs.Shipment.PendingJobDto::get_Id()
DA:6,0
FN:6,System.String ShipmentTrackingAPI.DTOs.Shipment.PendingJobDto::get_TrackingNumber()
FNDA:0,System.String ShipmentTrackingAPI.DTOs.Shipment.PendingJobDto::get_TrackingNumber()
DA:7,0
FN:7,System.String ShipmentTrackingAPI.DTOs.Shipment.PendingJobDto::get_PickupArea()
FNDA:0,System.String ShipmentTrackingAPI.DTOs.Shipment.PendingJobDto::get_PickupArea()
DA:8,0
FN:8,System.String ShipmentTrackingAPI.DTOs.Shipment.PendingJobDto::get_DropoffArea()
FNDA:0,System.String ShipmentTrackingAPI.DTOs.Shipment.PendingJobDto::get_DropoffArea()
DA:9,0
FN:9,System.Decimal ShipmentTrackingAPI.DTOs.Shipment.PendingJobDto::get_TotalWeightKg()
FNDA:0,System.Decimal ShipmentTrackingAPI.DTOs.Shipment.PendingJobDto::get_TotalWeightKg()
DA:10,0
FN:10,System.Int32 ShipmentTrackingAPI.DTOs.Shipment.PendingJobDto::get_ItemCount()
FNDA:0,System.Int32 ShipmentTrackingAPI.DTOs.Shipment.PendingJobDto::get_ItemCount()
DA:11,0
FN:11,System.DateTime ShipmentTrackingAPI.DTOs.Shipment.PendingJobDto::get_CreatedAt()
FNDA:0,System.DateTime ShipmentTrackingAPI.DTOs.Shipment.PendingJobDto::get_CreatedAt()
DA:12,0
LF:7
LH:0
BRF:0
BRH:0
FNF:7
FNH:0
end_of_record
SF:/Users/dhanushkeloth/presidio_genspark_training/capstone-projectv3/backend/ShipmentTrackingAPI/Models/DTOs/Shipment/PublicTrackingDto.cs
FN:7,System.String ShipmentTrackingAPI.DTOs.Shipment.PublicTrackingDto::get_TrackingNumber()
FNDA:0,System.String ShipmentTrackingAPI.DTOs.Shipment.PublicTrackingDto::get_TrackingNumber()
DA:8,0
FN:8,ShipmentTrackingAPI.Models.Enums.ShipmentStatus ShipmentTrackingAPI.DTOs.Shipment.PublicTrackingDto::get_Status()
FNDA:0,ShipmentTrackingAPI.Models.Enums.ShipmentStatus ShipmentTrackingAPI.DTOs.Shipment.PublicTrackingDto::get_Status()
DA:9,0
FN:10,System.String ShipmentTrackingAPI.DTOs.Shipment.PublicTrackingDto::get_PickupAddress()
FNDA:0,System.String ShipmentTrackingAPI.DTOs.Shipment.PublicTrackingDto::get_PickupAddress()
DA:11,0
FN:11,System.String ShipmentTrackingAPI.DTOs.Shipment.PublicTrackingDto::get_DropoffAddress()
FNDA:0,System.String ShipmentTrackingAPI.DTOs.Shipment.PublicTrackingDto::get_DropoffAddress()
DA:12,0
FN:13,System.Nullable`1<System.Double> ShipmentTrackingAPI.DTOs.Shipment.PublicTrackingDto::get_DriverLat()
FNDA:0,System.Nullable`1<System.Double> ShipmentTrackingAPI.DTOs.Shipment.PublicTrackingDto::get_DriverLat()
DA:14,0
FN:14,System.Nullable`1<System.Double> ShipmentTrackingAPI.DTOs.Shipment.PublicTrackingDto::get_DriverLng()
FNDA:0,System.Nullable`1<System.Double> ShipmentTrackingAPI.DTOs.Shipment.PublicTrackingDto::get_DriverLng()
DA:15,0
FN:16,System.Collections.Generic.List`1<ShipmentTrackingAPI.DTOs.Shipment.ShipmentEventDto> ShipmentTrackingAPI.DTOs.Shipment.PublicTrackingDto::get_Events()
FNDA:0,System.Collections.Generic.List`1<ShipmentTrackingAPI.DTOs.Shipment.ShipmentEventDto> ShipmentTrackingAPI.DTOs.Shipment.PublicTrackingDto::get_Events()
DA:17,0
LF:7
LH:0
BRF:0
BRH:0
FNF:7
FNH:0
end_of_record
SF:/Users/dhanushkeloth/presidio_genspark_training/capstone-projectv3/backend/ShipmentTrackingAPI/Models/DTOs/Shipment/ShipmentAddressDto.cs
FN:5,System.String ShipmentTrackingAPI.DTOs.Shipment.ShipmentAddressDto::get_AddressLine1()
FNDA:0,System.String ShipmentTrackingAPI.DTOs.Shipment.ShipmentAddressDto::get_AddressLine1()
DA:6,0
FN:6,System.String ShipmentTrackingAPI.DTOs.Shipment.ShipmentAddressDto::get_AddressLine2()
FNDA:0,System.String ShipmentTrackingAPI.DTOs.Shipment.ShipmentAddressDto::get_AddressLine2()
DA:7,0
FN:7,System.String ShipmentTrackingAPI.DTOs.Shipment.ShipmentAddressDto::get_City()
FNDA:0,System.String ShipmentTrackingAPI.DTOs.Shipment.ShipmentAddressDto::get_City()
DA:8,0
FN:8,System.String ShipmentTrackingAPI.DTOs.Shipment.ShipmentAddressDto::get_State()
FNDA:0,System.String ShipmentTrackingAPI.DTOs.Shipment.ShipmentAddressDto::get_State()
DA:9,0
FN:9,System.String ShipmentTrackingAPI.DTOs.Shipment.ShipmentAddressDto::get_PostalCode()
FNDA:0,System.String ShipmentTrackingAPI.DTOs.Shipment.ShipmentAddressDto::get_PostalCode()
DA:10,0
FN:10,System.Nullable`1<System.Double> ShipmentTrackingAPI.DTOs.Shipment.ShipmentAddressDto::get_Latitude()
FNDA:0,System.Nullable`1<System.Double> ShipmentTrackingAPI.DTOs.Shipment.ShipmentAddressDto::get_Latitude()
DA:11,0
FN:11,System.Nullable`1<System.Double> ShipmentTrackingAPI.DTOs.Shipment.ShipmentAddressDto::get_Longitude()
FNDA:0,System.Nullable`1<System.Double> ShipmentTrackingAPI.DTOs.Shipment.ShipmentAddressDto::get_Longitude()
DA:12,0
LF:7
LH:0
BRF:0
BRH:0
FNF:7
FNH:0
end_of_record
SF:/Users/dhanushkeloth/presidio_genspark_training/capstone-projectv3/backend/ShipmentTrackingAPI/Models/DTOs/Shipment/ShipmentDetailDto.cs
FN:6,System.Int32 ShipmentTrackingAPI.DTOs.Shipment.ShipmentDetailDto::get_Id()
FNDA:0,System.Int32 ShipmentTrackingAPI.DTOs.Shipment.ShipmentDetailDto::get_Id()
DA:7,0
FN:7,System.String ShipmentTrackingAPI.DTOs.Shipment.ShipmentDetailDto::get_TrackingNumber()
FNDA:0,System.String ShipmentTrackingAPI.DTOs.Shipment.ShipmentDetailDto::get_TrackingNumber()
DA:8,0
FN:8,ShipmentTrackingAPI.Models.Enums.ShipmentStatus ShipmentTrackingAPI.DTOs.Shipment.ShipmentDetailDto::get_Status()
FNDA:0,ShipmentTrackingAPI.Models.Enums.ShipmentStatus ShipmentTrackingAPI.DTOs.Shipment.ShipmentDetailDto::get_Status()
DA:9,0
FN:9,System.DateTime ShipmentTrackingAPI.DTOs.Shipment.ShipmentDetailDto::get_CreatedAt()
FNDA:0,System.DateTime ShipmentTrackingAPI.DTOs.Shipment.ShipmentDetailDto::get_CreatedAt()
DA:10,0
FN:10,System.DateTime ShipmentTrackingAPI.DTOs.Shipment.ShipmentDetailDto::get_UpdatedAt()
FNDA:0,System.DateTime ShipmentTrackingAPI.DTOs.Shipment.ShipmentDetailDto::get_UpdatedAt()
DA:11,0
FN:13,System.String ShipmentTrackingAPI.DTOs.Shipment.ShipmentDetailDto::get_CustomerName()
FNDA:0,System.String ShipmentTrackingAPI.DTOs.Shipment.ShipmentDetailDto::get_CustomerName()
DA:14,0
FN:14,System.String ShipmentTrackingAPI.DTOs.Shipment.ShipmentDetailDto::get_RecipientName()
FNDA:0,System.String ShipmentTrackingAPI.DTOs.Shipment.ShipmentDetailDto::get_RecipientName()
DA:15,0
FN:15,System.String ShipmentTrackingAPI.DTOs.Shipment.ShipmentDetailDto::get_RecipientPhone()
FNDA:0,System.String ShipmentTrackingAPI.DTOs.Shipment.ShipmentDetailDto::get_RecipientPhone()
DA:16,0
FN:18,System.Nullable`1<System.Int32> ShipmentTrackingAPI.DTOs.Shipment.ShipmentDetailDto::get_DriverId()
FNDA:0,System.Nullable`1<System.Int32> ShipmentTrackingAPI.DTOs.Shipment.ShipmentDetailDto::get_DriverId()
DA:19,0
FN:19,System.String ShipmentTrackingAPI.DTOs.Shipment.ShipmentDetailDto::get_DriverName()
FNDA:0,System.String ShipmentTrackingAPI.DTOs.Shipment.ShipmentDetailDto::get_DriverName()
DA:20,0
FN:20,System.String ShipmentTrackingAPI.DTOs.Shipment.ShipmentDetailDto::get_DriverPhone()
FNDA:0,System.String ShipmentTrackingAPI.DTOs.Shipment.ShipmentDetailDto::get_DriverPhone()
DA:21,0
FN:21,System.String ShipmentTrackingAPI.DTOs.Shipment.ShipmentDetailDto::get_VehicleNumber()
FNDA:0,System.String ShipmentTrackingAPI.DTOs.Shipment.ShipmentDetailDto::get_VehicleNumber()
DA:22,0
FN:24,ShipmentTrackingAPI.DTOs.Shipment.ShipmentAddressDto ShipmentTrackingAPI.DTOs.Shipment.ShipmentDetailDto::get_PickupAddress()
FNDA:0,ShipmentTrackingAPI.DTOs.Shipment.ShipmentAddressDto ShipmentTrackingAPI.DTOs.Shipment.ShipmentDetailDto::get_PickupAddress()
DA:25,0
FN:25,ShipmentTrackingAPI.DTOs.Shipment.ShipmentAddressDto ShipmentTrackingAPI.DTOs.Shipment.ShipmentDetailDto::get_DropoffAddress()
FNDA:0,ShipmentTrackingAPI.DTOs.Shipment.ShipmentAddressDto ShipmentTrackingAPI.DTOs.Shipment.ShipmentDetailDto::get_DropoffAddress()
DA:26,0
FN:27,System.Collections.Generic.List`1<ShipmentTrackingAPI.DTOs.Shipment.ShipmentItemDto> ShipmentTrackingAPI.DTOs.Shipment.ShipmentDetailDto::get_Items()
FNDA:0,System.Collections.Generic.List`1<ShipmentTrackingAPI.DTOs.Shipment.ShipmentItemDto> ShipmentTrackingAPI.DTOs.Shipment.ShipmentDetailDto::get_Items()
DA:28,0
FN:30,System.Nullable`1<System.DateTime> ShipmentTrackingAPI.DTOs.Shipment.ShipmentDetailDto::get_PickupOtpExpiresAt()
FNDA:0,System.Nullable`1<System.DateTime> ShipmentTrackingAPI.DTOs.Shipment.ShipmentDetailDto::get_PickupOtpExpiresAt()
DA:31,0
FN:31,System.Int32 ShipmentTrackingAPI.DTOs.Shipment.ShipmentDetailDto::get_PickupOtpAttemptCount()
FNDA:0,System.Int32 ShipmentTrackingAPI.DTOs.Shipment.ShipmentDetailDto::get_PickupOtpAttemptCount()
DA:32,0
FN:32,System.Nullable`1<System.DateTime> ShipmentTrackingAPI.DTOs.Shipment.ShipmentDetailDto::get_DeliveryOtpExpiresAt()
FNDA:0,System.Nullable`1<System.DateTime> ShipmentTrackingAPI.DTOs.Shipment.ShipmentDetailDto::get_DeliveryOtpExpiresAt()
DA:33,0
FN:33,System.Int32 ShipmentTrackingAPI.DTOs.Shipment.ShipmentDetailDto::get_DeliveryOtpAttemptCount()
FNDA:0,System.Int32 ShipmentTrackingAPI.DTOs.Shipment.ShipmentDetailDto::get_DeliveryOtpAttemptCount()
DA:34,0
FN:35,System.Collections.Generic.List`1<ShipmentTrackingAPI.DTOs.Shipment.ShipmentEventDto> ShipmentTrackingAPI.DTOs.Shipment.ShipmentDetailDto::get_Events()
FNDA:0,System.Collections.Generic.List`1<ShipmentTrackingAPI.DTOs.Shipment.ShipmentEventDto> ShipmentTrackingAPI.DTOs.Shipment.ShipmentDetailDto::get_Events()
DA:36,0
FN:39,ShipmentTrackingAPI.Models.Enums.ShipmentStatus ShipmentTrackingAPI.DTOs.Shipment.ShipmentEventDto::get_Status()
FNDA:0,ShipmentTrackingAPI.Models.Enums.ShipmentStatus ShipmentTrackingAPI.DTOs.Shipment.ShipmentEventDto::get_Status()
DA:40,0
FN:40,System.String ShipmentTrackingAPI.DTOs.Shipment.ShipmentEventDto::get_Description()
FNDA:0,System.String ShipmentTrackingAPI.DTOs.Shipment.ShipmentEventDto::get_Description()
DA:41,0
FN:41,System.DateTime ShipmentTrackingAPI.DTOs.Shipment.ShipmentEventDto::get_Timestamp()
FNDA:0,System.DateTime ShipmentTrackingAPI.DTOs.Shipment.ShipmentEventDto::get_Timestamp()
DA:42,0
LF:23
LH:0
BRF:0
BRH:0
FNF:23
FNH:0
end_of_record
SF:/Users/dhanushkeloth/presidio_genspark_training/capstone-projectv3/backend/ShipmentTrackingAPI/Models/DTOs/Shipment/ShipmentDto.cs
FN:7,System.Int32 ShipmentTrackingAPI.DTOs.Shipment.ShipmentDto::get_Id()
FNDA:0,System.Int32 ShipmentTrackingAPI.DTOs.Shipment.ShipmentDto::get_Id()
DA:8,0
FN:8,System.String ShipmentTrackingAPI.DTOs.Shipment.ShipmentDto::get_TrackingNumber()
FNDA:0,System.String ShipmentTrackingAPI.DTOs.Shipment.ShipmentDto::get_TrackingNumber()
DA:9,0
FN:9,ShipmentTrackingAPI.Models.Enums.ShipmentStatus ShipmentTrackingAPI.DTOs.Shipment.ShipmentDto::get_Status()
FNDA:0,ShipmentTrackingAPI.Models.Enums.ShipmentStatus ShipmentTrackingAPI.DTOs.Shipment.ShipmentDto::get_Status()
DA:10,0
FN:10,System.DateTime ShipmentTrackingAPI.DTOs.Shipment.ShipmentDto::get_CreatedAt()
FNDA:0,System.DateTime ShipmentTrackingAPI.DTOs.Shipment.ShipmentDto::get_CreatedAt()
DA:11,0
FN:16,System.Int32 ShipmentTrackingAPI.DTOs.Shipment.ShipmentQueryParams::get_Page()
FNDA:0,System.Int32 ShipmentTrackingAPI.DTOs.Shipment.ShipmentQueryParams::get_Page()
DA:17,0
FN:17,System.Int32 ShipmentTrackingAPI.DTOs.Shipment.ShipmentQueryParams::get_Size()
FNDA:0,System.Int32 ShipmentTrackingAPI.DTOs.Shipment.ShipmentQueryParams::get_Size()
DA:18,0
FN:18,System.Nullable`1<ShipmentTrackingAPI.Models.Enums.ShipmentStatus> ShipmentTrackingAPI.DTOs.Shipment.ShipmentQueryParams::get_Status()
FNDA:0,System.Nullable`1<ShipmentTrackingAPI.Models.Enums.ShipmentStatus> ShipmentTrackingAPI.DTOs.Shipment.ShipmentQueryParams::get_Status()
DA:19,0
LF:7
LH:0
BRF:0
BRH:0
FNF:7
FNH:0
end_of_record
SF:/Users/dhanushkeloth/presidio_genspark_training/capstone-projectv3/backend/ShipmentTrackingAPI/Models/DTOs/Shipment/ShipmentItemDto.cs
FN:5,System.String ShipmentTrackingAPI.DTOs.Shipment.ShipmentItemDto::get_Description()
FNDA:0,System.String ShipmentTrackingAPI.DTOs.Shipment.ShipmentItemDto::get_Description()
DA:6,0
FN:6,System.Decimal ShipmentTrackingAPI.DTOs.Shipment.ShipmentItemDto::get_Weight()
FNDA:0,System.Decimal ShipmentTrackingAPI.DTOs.Shipment.ShipmentItemDto::get_Weight()
DA:7,0
FN:7,System.Int32 ShipmentTrackingAPI.DTOs.Shipment.ShipmentItemDto::get_Quantity()
FNDA:0,System.Int32 ShipmentTrackingAPI.DTOs.Shipment.ShipmentItemDto::get_Quantity()
DA:8,0
LF:3
LH:0
BRF:0
BRH:0
FNF:3
FNH:0
end_of_record
SF:/Users/dhanushkeloth/presidio_genspark_training/capstone-projectv3/backend/ShipmentTrackingAPI/Models/DTOs/Shipment/ShipmentSummaryDto.cs
FN:7,System.Int32 ShipmentTrackingAPI.DTOs.Shipment.ShipmentSummaryDto::get_Id()
FNDA:0,System.Int32 ShipmentTrackingAPI.DTOs.Shipment.ShipmentSummaryDto::get_Id()
DA:8,0
FN:8,System.String ShipmentTrackingAPI.DTOs.Shipment.ShipmentSummaryDto::get_TrackingNumber()
FNDA:0,System.String ShipmentTrackingAPI.DTOs.Shipment.ShipmentSummaryDto::get_TrackingNumber()
DA:9,0
FN:9,ShipmentTrackingAPI.Models.Enums.ShipmentStatus ShipmentTrackingAPI.DTOs.Shipment.ShipmentSummaryDto::get_Status()
FNDA:0,ShipmentTrackingAPI.Models.Enums.ShipmentStatus ShipmentTrackingAPI.DTOs.Shipment.ShipmentSummaryDto::get_Status()
DA:10,0
FN:10,System.String ShipmentTrackingAPI.DTOs.Shipment.ShipmentSummaryDto::get_PickupArea()
FNDA:0,System.String ShipmentTrackingAPI.DTOs.Shipment.ShipmentSummaryDto::get_PickupArea()
DA:11,0
FN:11,System.String ShipmentTrackingAPI.DTOs.Shipment.ShipmentSummaryDto::get_DropoffArea()
FNDA:0,System.String ShipmentTrackingAPI.DTOs.Shipment.ShipmentSummaryDto::get_DropoffArea()
DA:12,0
FN:12,System.DateTime ShipmentTrackingAPI.DTOs.Shipment.ShipmentSummaryDto::get_CreatedAt()
FNDA:0,System.DateTime ShipmentTrackingAPI.DTOs.Shipment.ShipmentSummaryDto::get_CreatedAt()
DA:13,0
LF:6
LH:0
BRF:0
BRH:0
FNF:6
FNH:0
end_of_record
SF:/Users/dhanushkeloth/presidio_genspark_training/capstone-projectv3/backend/ShipmentTrackingAPI/Models/DTOs/Shipment/UpdateShipmentStatusDto.cs
FN:8,ShipmentTrackingAPI.Models.Enums.ShipmentStatus ShipmentTrackingAPI.DTOs.Shipment.UpdateShipmentStatusDto::get_NewStatus()
FNDA:0,ShipmentTrackingAPI.Models.Enums.ShipmentStatus ShipmentTrackingAPI.DTOs.Shipment.UpdateShipmentStatusDto::get_NewStatus()
DA:9,0
LF:1
LH:0
BRF:0
BRH:0
FNF:1
FNH:0
end_of_record
SF:/Users/dhanushkeloth/presidio_genspark_training/capstone-projectv3/backend/ShipmentTrackingAPI/Models/DTOs/Otp/OtpWindowDto.cs
FN:7,System.DateTime ShipmentTrackingAPI.DTOs.Otp.OtpWindowDto::get_ExpiresAt()
FNDA:0,System.DateTime ShipmentTrackingAPI.DTOs.Otp.OtpWindowDto::get_ExpiresAt()
DA:8,0
FN:8,System.String ShipmentTrackingAPI.DTOs.Otp.OtpWindowDto::get_OtpType()
FNDA:0,System.String ShipmentTrackingAPI.DTOs.Otp.OtpWindowDto::get_OtpType()
DA:9,0
FN:9,System.DateTime ShipmentTrackingAPI.DTOs.Otp.OtpWindowDto::get_GeneratedAt()
FNDA:0,System.DateTime ShipmentTrackingAPI.DTOs.Otp.OtpWindowDto::get_GeneratedAt()
DA:10,0
FN:10,System.Int32 ShipmentTrackingAPI.DTOs.Otp.OtpWindowDto::get_AttemptCount()
FNDA:0,System.Int32 ShipmentTrackingAPI.DTOs.Otp.OtpWindowDto::get_AttemptCount()
DA:11,0
LF:4
LH:0
BRF:0
BRH:0
FNF:4
FNH:0
end_of_record
SF:/Users/dhanushkeloth/presidio_genspark_training/capstone-projectv3/backend/ShipmentTrackingAPI/Models/DTOs/Otp/RegenerateOtpRequestDto.cs
FN:7,ShipmentTrackingAPI.Models.Enums.OtpType ShipmentTrackingAPI.DTOs.Otp.RegenerateOtpRequestDto::get_OtpType()
FNDA:0,ShipmentTrackingAPI.Models.Enums.OtpType ShipmentTrackingAPI.DTOs.Otp.RegenerateOtpRequestDto::get_OtpType()
DA:8,0
LF:1
LH:0
BRF:0
BRH:0
FNF:1
FNH:0
end_of_record
SF:/Users/dhanushkeloth/presidio_genspark_training/capstone-projectv3/backend/ShipmentTrackingAPI/Models/DTOs/Otp/VerifyOtpRequestDto.cs
FN:8,System.String ShipmentTrackingAPI.DTOs.Otp.VerifyOtpRequestDto::get_OtpCode()
FNDA:0,System.String ShipmentTrackingAPI.DTOs.Otp.VerifyOtpRequestDto::get_OtpCode()
DA:9,0
LF:1
LH:0
BRF:0
BRH:0
FNF:1
FNH:0
end_of_record
SF:/Users/dhanushkeloth/presidio_genspark_training/capstone-projectv3/backend/ShipmentTrackingAPI/Models/DTOs/Otp/VerifyOtpResult.cs
FN:6,System.Boolean ShipmentTrackingAPI.DTOs.Otp.VerifyOtpResultDto::get_Success()
FNDA:0,System.Boolean ShipmentTrackingAPI.DTOs.Otp.VerifyOtpResultDto::get_Success()
DA:7,0
FN:8,System.Int32 ShipmentTrackingAPI.DTOs.Otp.VerifyOtpResultDto::get_RemainingAttempts()
FNDA:0,System.Int32 ShipmentTrackingAPI.DTOs.Otp.VerifyOtpResultDto::get_RemainingAttempts()
DA:9,0
FN:13,System.Nullable`1<ShipmentTrackingAPI.Models.Enums.ShipmentStatus> ShipmentTrackingAPI.DTOs.Otp.VerifyOtpResultDto::get_NewStatus()
FNDA:0,System.Nullable`1<ShipmentTrackingAPI.Models.Enums.ShipmentStatus> ShipmentTrackingAPI.DTOs.Otp.VerifyOtpResultDto::get_NewStatus()
DA:14,0
FN:14,System.String ShipmentTrackingAPI.DTOs.Otp.VerifyOtpResultDto::get_Message()
FNDA:0,System.String ShipmentTrackingAPI.DTOs.Otp.VerifyOtpResultDto::get_Message()
DA:15,0
FN:19,System.Boolean ShipmentTrackingAPI.DTOs.Otp.VerifyOtpResultDto::get_IsLockedOut()
FNDA:0,System.Boolean ShipmentTrackingAPI.DTOs.Otp.VerifyOtpResultDto::get_IsLockedOut()
DA:20,0
BRDA:20,6,0,0
BRDA:20,6,1,0
LF:5
LH:0
BRF:2
BRH:0
FNF:5
FNH:0
end_of_record
SF:/Users/dhanushkeloth/presidio_genspark_training/capstone-projectv3/backend/ShipmentTrackingAPI/Models/DTOs/Driver/DriverProfileDto.cs
FN:7,System.Int32 ShipmentTrackingAPI.DTOs.Driver.DriverProfileDto::get_Id()
FNDA:10,System.Int32 ShipmentTrackingAPI.DTOs.Driver.DriverProfileDto::get_Id()
DA:8,10
FN:8,System.Int32 ShipmentTrackingAPI.DTOs.Driver.DriverProfileDto::get_UserId()
FNDA:12,System.Int32 ShipmentTrackingAPI.DTOs.Driver.DriverProfileDto::get_UserId()
DA:9,12
FN:13,System.String ShipmentTrackingAPI.DTOs.Driver.DriverProfileDto::get_FullName()
FNDA:22,System.String ShipmentTrackingAPI.DTOs.Driver.DriverProfileDto::get_FullName()
DA:14,22
FN:14,System.String ShipmentTrackingAPI.DTOs.Driver.DriverProfileDto::get_Email()
FNDA:21,System.String ShipmentTrackingAPI.DTOs.Driver.DriverProfileDto::get_Email()
DA:15,21
FN:19,System.String ShipmentTrackingAPI.DTOs.Driver.DriverProfileDto::get_PhoneNumber()
FNDA:10,System.String ShipmentTrackingAPI.DTOs.Driver.DriverProfileDto::get_PhoneNumber()
DA:20,10
FN:20,System.String ShipmentTrackingAPI.DTOs.Driver.DriverProfileDto::get_VehicleType()
FNDA:21,System.String ShipmentTrackingAPI.DTOs.Driver.DriverProfileDto::get_VehicleType()
DA:21,21
FN:21,System.String ShipmentTrackingAPI.DTOs.Driver.DriverProfileDto::get_VehicleNumber()
FNDA:21,System.String ShipmentTrackingAPI.DTOs.Driver.DriverProfileDto::get_VehicleNumber()
DA:22,21
FN:22,System.String ShipmentTrackingAPI.DTOs.Driver.DriverProfileDto::get_LicenseNumber()
FNDA:21,System.String ShipmentTrackingAPI.DTOs.Driver.DriverProfileDto::get_LicenseNumber()
DA:23,21
FN:27,ShipmentTrackingAPI.Models.Enums.DriverAccountStatus ShipmentTrackingAPI.DTOs.Driver.DriverProfileDto::get_AccountStatus()
FNDA:12,ShipmentTrackingAPI.Models.Enums.DriverAccountStatus ShipmentTrackingAPI.DTOs.Driver.DriverProfileDto::get_AccountStatus()
DA:28,12
FN:30,System.Nullable`1<ShipmentTrackingAPI.Models.Enums.DriverOpStatus> ShipmentTrackingAPI.DTOs.Driver.DriverProfileDto::get_OpStatus()
FNDA:13,System.Nullable`1<ShipmentTrackingAPI.Models.Enums.DriverOpStatus> ShipmentTrackingAPI.DTOs.Driver.DriverProfileDto::get_OpStatus()
DA:31,13
FN:35,System.Nullable`1<System.Double> ShipmentTrackingAPI.DTOs.Driver.DriverProfileDto::get_CurrentLat()
FNDA:11,System.Nullable`1<System.Double> ShipmentTrackingAPI.DTOs.Driver.DriverProfileDto::get_CurrentLat()
DA:36,11
FN:36,System.Nullable`1<System.Double> ShipmentTrackingAPI.DTOs.Driver.DriverProfileDto::get_CurrentLng()
FNDA:11,System.Nullable`1<System.Double> ShipmentTrackingAPI.DTOs.Driver.DriverProfileDto::get_CurrentLng()
DA:37,11
FN:37,System.DateTime ShipmentTrackingAPI.DTOs.Driver.DriverProfileDto::get_CreatedAt()
FNDA:11,System.DateTime ShipmentTrackingAPI.DTOs.Driver.DriverProfileDto::get_CreatedAt()
DA:38,11
LF:13
LH:13
BRF:0
BRH:0
FNF:13
FNH:13
end_of_record
SF:/Users/dhanushkeloth/presidio_genspark_training/capstone-projectv3/backend/ShipmentTrackingAPI/Models/DTOs/Driver/UpdateOpStatusRequestDto.cs
FN:6,ShipmentTrackingAPI.Models.Enums.DriverOpStatus ShipmentTrackingAPI.DTOs.Driver.UpdateOpStatusRequestDto::get_NewStatus()
FNDA:40,ShipmentTrackingAPI.Models.Enums.DriverOpStatus ShipmentTrackingAPI.DTOs.Driver.UpdateOpStatusRequestDto::get_NewStatus()
DA:7,40
FN:7,System.Nullable`1<System.Double> ShipmentTrackingAPI.DTOs.Driver.UpdateOpStatusRequestDto::get_CurrentLat()
FNDA:7,System.Nullable`1<System.Double> ShipmentTrackingAPI.DTOs.Driver.UpdateOpStatusRequestDto::get_CurrentLat()
DA:8,7
FN:8,System.Nullable`1<System.Double> ShipmentTrackingAPI.DTOs.Driver.UpdateOpStatusRequestDto::get_CurrentLng()
FNDA:4,System.Nullable`1<System.Double> ShipmentTrackingAPI.DTOs.Driver.UpdateOpStatusRequestDto::get_CurrentLng()
DA:9,4
LF:3
LH:3
BRF:0
BRH:0
FNF:3
FNH:3
end_of_record
SF:/Users/dhanushkeloth/presidio_genspark_training/capstone-projectv3/backend/ShipmentTrackingAPI/Models/DTOs/Customer/CustomerProfileDto.cs
FN:4,System.Int32 ShipmentTrackingAPI.DTOs.Customer.CustomerProfileDto::get_UserId()
FNDA:6,System.Int32 ShipmentTrackingAPI.DTOs.Customer.CustomerProfileDto::get_UserId()
DA:5,6
FN:5,System.String ShipmentTrackingAPI.DTOs.Customer.CustomerProfileDto::get_FullName()
FNDA:11,System.String ShipmentTrackingAPI.DTOs.Customer.CustomerProfileDto::get_FullName()
DA:6,11
FN:6,System.String ShipmentTrackingAPI.DTOs.Customer.CustomerProfileDto::get_Email()
FNDA:11,System.String ShipmentTrackingAPI.DTOs.Customer.CustomerProfileDto::get_Email()
DA:7,11
FN:7,System.String ShipmentTrackingAPI.DTOs.Customer.CustomerProfileDto::get_PhoneNumber()
FNDA:7,System.String ShipmentTrackingAPI.DTOs.Customer.CustomerProfileDto::get_PhoneNumber()
DA:8,7
FN:8,System.String ShipmentTrackingAPI.DTOs.Customer.CustomerProfileDto::get_AlternatePhoneNumber()
FNDA:6,System.String ShipmentTrackingAPI.DTOs.Customer.CustomerProfileDto::get_AlternatePhoneNumber()
DA:9,6
FN:9,System.String ShipmentTrackingAPI.DTOs.Customer.CustomerProfileDto::get_ProfileImageUrl()
FNDA:6,System.String ShipmentTrackingAPI.DTOs.Customer.CustomerProfileDto::get_ProfileImageUrl()
DA:10,6
LF:6
LH:6
BRF:0
BRH:0
FNF:6
FNH:6
end_of_record
SF:/Users/dhanushkeloth/presidio_genspark_training/capstone-projectv3/backend/ShipmentTrackingAPI/Models/DTOs/Customer/SavedAddressDto.cs
FN:4,System.Int32 ShipmentTrackingAPI.DTOs.Customer.SavedAddressDto::get_Id()
FNDA:13,System.Int32 ShipmentTrackingAPI.DTOs.Customer.SavedAddressDto::get_Id()
DA:5,13
FN:5,System.String ShipmentTrackingAPI.DTOs.Customer.SavedAddressDto::get_Label()
FNDA:27,System.String ShipmentTrackingAPI.DTOs.Customer.SavedAddressDto::get_Label()
DA:6,27
FN:6,System.String ShipmentTrackingAPI.DTOs.Customer.SavedAddressDto::get_AddressLine1()
FNDA:24,System.String ShipmentTrackingAPI.DTOs.Customer.SavedAddressDto::get_AddressLine1()
DA:7,24
FN:7,System.String ShipmentTrackingAPI.DTOs.Customer.SavedAddressDto::get_AddressLine2()
FNDA:12,System.String ShipmentTrackingAPI.DTOs.Customer.SavedAddressDto::get_AddressLine2()
DA:8,12
FN:8,System.String ShipmentTrackingAPI.DTOs.Customer.SavedAddressDto::get_City()
FNDA:26,System.String ShipmentTrackingAPI.DTOs.Customer.SavedAddressDto::get_City()
DA:9,26
FN:9,System.String ShipmentTrackingAPI.DTOs.Customer.SavedAddressDto::get_State()
FNDA:24,System.String ShipmentTrackingAPI.DTOs.Customer.SavedAddressDto::get_State()
DA:10,24
FN:10,System.String ShipmentTrackingAPI.DTOs.Customer.SavedAddressDto::get_PostalCode()
FNDA:24,System.String ShipmentTrackingAPI.DTOs.Customer.SavedAddressDto::get_PostalCode()
DA:11,24
FN:11,System.Nullable`1<System.Double> ShipmentTrackingAPI.DTOs.Customer.SavedAddressDto::get_Latitude()
FNDA:13,System.Nullable`1<System.Double> ShipmentTrackingAPI.DTOs.Customer.SavedAddressDto::get_Latitude()
DA:12,13
FN:12,System.Nullable`1<System.Double> ShipmentTrackingAPI.DTOs.Customer.SavedAddressDto::get_Longitude()
FNDA:13,System.Nullable`1<System.Double> ShipmentTrackingAPI.DTOs.Customer.SavedAddressDto::get_Longitude()
DA:13,13
FN:13,System.Boolean ShipmentTrackingAPI.DTOs.Customer.SavedAddressDto::get_IsDefault()
FNDA:15,System.Boolean ShipmentTrackingAPI.DTOs.Customer.SavedAddressDto::get_IsDefault()
DA:14,15
LF:10
LH:10
BRF:0
BRH:0
FNF:10
FNH:10
end_of_record
SF:/Users/dhanushkeloth/presidio_genspark_training/capstone-projectv3/backend/ShipmentTrackingAPI/Models/DTOs/Customer/SavedAddressRequestDto.cs
FN:4,System.String ShipmentTrackingAPI.DTOs.Customer.SavedAddressRequestDto::get_Label()
FNDA:36,System.String ShipmentTrackingAPI.DTOs.Customer.SavedAddressRequestDto::get_Label()
DA:5,36
FN:5,System.String ShipmentTrackingAPI.DTOs.Customer.SavedAddressRequestDto::get_AddressLine1()
FNDA:36,System.String ShipmentTrackingAPI.DTOs.Customer.SavedAddressRequestDto::get_AddressLine1()
DA:6,36
FN:6,System.String ShipmentTrackingAPI.DTOs.Customer.SavedAddressRequestDto::get_AddressLine2()
FNDA:24,System.String ShipmentTrackingAPI.DTOs.Customer.SavedAddressRequestDto::get_AddressLine2()
DA:7,24
FN:7,System.String ShipmentTrackingAPI.DTOs.Customer.SavedAddressRequestDto::get_City()
FNDA:36,System.String ShipmentTrackingAPI.DTOs.Customer.SavedAddressRequestDto::get_City()
DA:8,36
FN:8,System.String ShipmentTrackingAPI.DTOs.Customer.SavedAddressRequestDto::get_State()
FNDA:36,System.String ShipmentTrackingAPI.DTOs.Customer.SavedAddressRequestDto::get_State()
DA:9,36
FN:9,System.String ShipmentTrackingAPI.DTOs.Customer.SavedAddressRequestDto::get_PostalCode()
FNDA:36,System.String ShipmentTrackingAPI.DTOs.Customer.SavedAddressRequestDto::get_PostalCode()
DA:10,36
FN:10,System.Nullable`1<System.Double> ShipmentTrackingAPI.DTOs.Customer.SavedAddressRequestDto::get_Latitude()
FNDA:23,System.Nullable`1<System.Double> ShipmentTrackingAPI.DTOs.Customer.SavedAddressRequestDto::get_Latitude()
DA:11,23
FN:11,System.Nullable`1<System.Double> ShipmentTrackingAPI.DTOs.Customer.SavedAddressRequestDto::get_Longitude()
FNDA:23,System.Nullable`1<System.Double> ShipmentTrackingAPI.DTOs.Customer.SavedAddressRequestDto::get_Longitude()
DA:12,23
FN:12,System.Boolean ShipmentTrackingAPI.DTOs.Customer.SavedAddressRequestDto::get_IsDefault()
FNDA:33,System.Boolean ShipmentTrackingAPI.DTOs.Customer.SavedAddressRequestDto::get_IsDefault()
DA:13,33
LF:9
LH:9
BRF:0
BRH:0
FNF:9
FNH:9
end_of_record
SF:/Users/dhanushkeloth/presidio_genspark_training/capstone-projectv3/backend/ShipmentTrackingAPI/Models/DTOs/Customer/UpdateProfileRequestDto.cs
FN:4,System.String ShipmentTrackingAPI.DTOs.Customer.UpdateProfileRequestDto::get_PhoneNumber()
FNDA:10,System.String ShipmentTrackingAPI.DTOs.Customer.UpdateProfileRequestDto::get_PhoneNumber()
DA:5,10
FN:5,System.String ShipmentTrackingAPI.DTOs.Customer.UpdateProfileRequestDto::get_AlternatePhoneNumber()
FNDA:8,System.String ShipmentTrackingAPI.DTOs.Customer.UpdateProfileRequestDto::get_AlternatePhoneNumber()
DA:6,8
FN:6,System.String ShipmentTrackingAPI.DTOs.Customer.UpdateProfileRequestDto::get_ProfileImageUrl()
FNDA:8,System.String ShipmentTrackingAPI.DTOs.Customer.UpdateProfileRequestDto::get_ProfileImageUrl()
DA:7,8
LF:3
LH:3
BRF:0
BRH:0
FNF:3
FNH:3
end_of_record
SF:/Users/dhanushkeloth/presidio_genspark_training/capstone-projectv3/backend/ShipmentTrackingAPI/Models/DTOs/Common/PaginatedResponse.cs
FN:5,System.Collections.Generic.List`1<T> ShipmentTrackingAPI.DTOs.Common.PaginatedResponse`1::get_Data()
FNDA:38,System.Collections.Generic.List`1<T> ShipmentTrackingAPI.DTOs.Common.PaginatedResponse`1::get_Data()
DA:6,38
FN:6,System.Int32 ShipmentTrackingAPI.DTOs.Common.PaginatedResponse`1::get_TotalCount()
FNDA:21,System.Int32 ShipmentTrackingAPI.DTOs.Common.PaginatedResponse`1::get_TotalCount()
DA:7,21
FN:7,System.Int32 ShipmentTrackingAPI.DTOs.Common.PaginatedResponse`1::get_Page()
FNDA:15,System.Int32 ShipmentTrackingAPI.DTOs.Common.PaginatedResponse`1::get_Page()
DA:8,15
FN:8,System.Int32 ShipmentTrackingAPI.DTOs.Common.PaginatedResponse`1::get_Size()
FNDA:16,System.Int32 ShipmentTrackingAPI.DTOs.Common.PaginatedResponse`1::get_Size()
DA:9,16
LF:4
LH:4
BRF:0
BRH:0
FNF:4
FNH:4
end_of_record
SF:/Users/dhanushkeloth/presidio_genspark_training/capstone-projectv3/backend/ShipmentTrackingAPI/Models/DTOs/Auth/LoginRequestDto.cs
FN:10,System.String ShipmentTrackingAPI.DTOs.Auth.LoginRequestDto::get_Email()
FNDA:0,System.String ShipmentTrackingAPI.DTOs.Auth.LoginRequestDto::get_Email()
DA:11,0
FN:12,System.String ShipmentTrackingAPI.DTOs.Auth.LoginRequestDto::get_Password()
FNDA:0,System.String ShipmentTrackingAPI.DTOs.Auth.LoginRequestDto::get_Password()
DA:13,0
LF:2
LH:0
BRF:0
BRH:0
FNF:2
FNH:0
end_of_record
SF:/Users/dhanushkeloth/presidio_genspark_training/capstone-projectv3/backend/ShipmentTrackingAPI/Models/DTOs/Auth/LoginResponseDto.cs
FN:8,System.String ShipmentTrackingAPI.DTOs.Auth.LoginResponseDto::get_AccessToken()
FNDA:0,System.String ShipmentTrackingAPI.DTOs.Auth.LoginResponseDto::get_AccessToken()
DA:9,0
FN:13,System.Int32 ShipmentTrackingAPI.DTOs.Auth.LoginResponseDto::get_ExpiresIn()
FNDA:0,System.Int32 ShipmentTrackingAPI.DTOs.Auth.LoginResponseDto::get_ExpiresIn()
DA:14,0
FN:14,System.Int32 ShipmentTrackingAPI.DTOs.Auth.LoginResponseDto::get_UserId()
FNDA:0,System.Int32 ShipmentTrackingAPI.DTOs.Auth.LoginResponseDto::get_UserId()
DA:15,0
FN:15,System.String ShipmentTrackingAPI.DTOs.Auth.LoginResponseDto::get_FullName()
FNDA:0,System.String ShipmentTrackingAPI.DTOs.Auth.LoginResponseDto::get_FullName()
DA:16,0
FN:16,System.String ShipmentTrackingAPI.DTOs.Auth.LoginResponseDto::get_Role()
FNDA:0,System.String ShipmentTrackingAPI.DTOs.Auth.LoginResponseDto::get_Role()
DA:17,0
LF:5
LH:0
BRF:0
BRH:0
FNF:5
FNH:0
end_of_record
SF:/Users/dhanushkeloth/presidio_genspark_training/capstone-projectv3/backend/ShipmentTrackingAPI/Models/DTOs/Auth/RegisterCustomerDto.cs
FN:9,System.String ShipmentTrackingAPI.DTOs.Auth.RegisterCustomerDto::get_Email()
FNDA:0,System.String ShipmentTrackingAPI.DTOs.Auth.RegisterCustomerDto::get_Email()
DA:10,0
FN:13,System.String ShipmentTrackingAPI.DTOs.Auth.RegisterCustomerDto::get_FullName()
FNDA:0,System.String ShipmentTrackingAPI.DTOs.Auth.RegisterCustomerDto::get_FullName()
DA:14,0
FN:19,System.String ShipmentTrackingAPI.DTOs.Auth.RegisterCustomerDto::get_Password()
FNDA:0,System.String ShipmentTrackingAPI.DTOs.Auth.RegisterCustomerDto::get_Password()
DA:20,0
FN:23,System.String ShipmentTrackingAPI.DTOs.Auth.RegisterCustomerDto::get_ConfirmPassword()
FNDA:0,System.String ShipmentTrackingAPI.DTOs.Auth.RegisterCustomerDto::get_ConfirmPassword()
DA:24,0
FN:28,System.String ShipmentTrackingAPI.DTOs.Auth.RegisterCustomerDto::get_PhoneNumber()
FNDA:0,System.String ShipmentTrackingAPI.DTOs.Auth.RegisterCustomerDto::get_PhoneNumber()
DA:29,0
FN:31,System.String ShipmentTrackingAPI.DTOs.Auth.RegisterCustomerDto::get_AlternatePhoneNumber()
FNDA:0,System.String ShipmentTrackingAPI.DTOs.Auth.RegisterCustomerDto::get_AlternatePhoneNumber()
DA:32,0
LF:6
LH:0
BRF:0
BRH:0
FNF:6
FNH:0
end_of_record
SF:/Users/dhanushkeloth/presidio_genspark_training/capstone-projectv3/backend/ShipmentTrackingAPI/Models/DTOs/Auth/RegisterDriverDto.cs
FN:10,System.String ShipmentTrackingAPI.DTOs.Auth.RegisterDriverDto::get_FullName()
FNDA:0,System.String ShipmentTrackingAPI.DTOs.Auth.RegisterDriverDto::get_FullName()
DA:11,0
FN:14,System.String ShipmentTrackingAPI.DTOs.Auth.RegisterDriverDto::get_Email()
FNDA:0,System.String ShipmentTrackingAPI.DTOs.Auth.RegisterDriverDto::get_Email()
DA:15,0
FN:18,System.String ShipmentTrackingAPI.DTOs.Auth.RegisterDriverDto::get_Password()
FNDA:0,System.String ShipmentTrackingAPI.DTOs.Auth.RegisterDriverDto::get_Password()
DA:19,0
FN:22,System.String ShipmentTrackingAPI.DTOs.Auth.RegisterDriverDto::get_ConfirmPassword()
FNDA:0,System.String ShipmentTrackingAPI.DTOs.Auth.RegisterDriverDto::get_ConfirmPassword()
DA:23,0
FN:28,System.String ShipmentTrackingAPI.DTOs.Auth.RegisterDriverDto::get_PhoneNumber()
FNDA:0,System.String ShipmentTrackingAPI.DTOs.Auth.RegisterDriverDto::get_PhoneNumber()
DA:29,0
FN:32,System.String ShipmentTrackingAPI.DTOs.Auth.RegisterDriverDto::get_VehicleType()
FNDA:0,System.String ShipmentTrackingAPI.DTOs.Auth.RegisterDriverDto::get_VehicleType()
DA:33,0
FN:38,System.String ShipmentTrackingAPI.DTOs.Auth.RegisterDriverDto::get_VehicleNumber()
FNDA:0,System.String ShipmentTrackingAPI.DTOs.Auth.RegisterDriverDto::get_VehicleNumber()
DA:39,0
FN:44,System.String ShipmentTrackingAPI.DTOs.Auth.RegisterDriverDto::get_LicenseNumber()
FNDA:0,System.String ShipmentTrackingAPI.DTOs.Auth.RegisterDriverDto::get_LicenseNumber()
DA:45,0
LF:8
LH:0
BRF:0
BRH:0
FNF:8
FNH:0
end_of_record
SF:/Users/dhanushkeloth/presidio_genspark_training/capstone-projectv3/backend/ShipmentTrackingAPI/Models/DTOs/Auth/RegisterResponseDto.cs
FN:4,System.Int32 ShipmentTrackingAPI.DTOs.Auth.RegisterResponseDto::get_UserId()
FNDA:0,System.Int32 ShipmentTrackingAPI.DTOs.Auth.RegisterResponseDto::get_UserId()
DA:5,0
FN:5,System.String ShipmentTrackingAPI.DTOs.Auth.RegisterResponseDto::get_Email()
FNDA:0,System.String ShipmentTrackingAPI.DTOs.Auth.RegisterResponseDto::get_Email()
DA:6,0
FN:6,System.String ShipmentTrackingAPI.DTOs.Auth.RegisterResponseDto::get_Role()
FNDA:0,System.String ShipmentTrackingAPI.DTOs.Auth.RegisterResponseDto::get_Role()
DA:7,0
FN:7,System.String ShipmentTrackingAPI.DTOs.Auth.RegisterResponseDto::get_Message()
FNDA:0,System.String ShipmentTrackingAPI.DTOs.Auth.RegisterResponseDto::get_Message()
DA:8,0
LF:4
LH:0
BRF:0
BRH:0
FNF:4
FNH:0
end_of_record
SF:/Users/dhanushkeloth/presidio_genspark_training/capstone-projectv3/backend/ShipmentTrackingAPI/Models/DTOs/Admin/AdminDriverDto.cs
FN:7,System.Int32 ShipmentTrackingAPI.DTOs.Admin.AdminDriverDto::get_Id()
FNDA:14,System.Int32 ShipmentTrackingAPI.DTOs.Admin.AdminDriverDto::get_Id()
DA:8,14
FN:8,System.String ShipmentTrackingAPI.DTOs.Admin.AdminDriverDto::get_FullName()
FNDA:26,System.String ShipmentTrackingAPI.DTOs.Admin.AdminDriverDto::get_FullName()
DA:9,26
FN:9,System.String ShipmentTrackingAPI.DTOs.Admin.AdminDriverDto::get_Email()
FNDA:25,System.String ShipmentTrackingAPI.DTOs.Admin.AdminDriverDto::get_Email()
DA:10,25
FN:10,System.String ShipmentTrackingAPI.DTOs.Admin.AdminDriverDto::get_PhoneNumber()
FNDA:26,System.String ShipmentTrackingAPI.DTOs.Admin.AdminDriverDto::get_PhoneNumber()
DA:11,26
FN:11,ShipmentTrackingAPI.Models.Enums.DriverAccountStatus ShipmentTrackingAPI.DTOs.Admin.AdminDriverDto::get_AccountStatus()
FNDA:16,ShipmentTrackingAPI.Models.Enums.DriverAccountStatus ShipmentTrackingAPI.DTOs.Admin.AdminDriverDto::get_AccountStatus()
DA:12,16
FN:12,System.String ShipmentTrackingAPI.DTOs.Admin.AdminDriverDto::get_VehicleType()
FNDA:25,System.String ShipmentTrackingAPI.DTOs.Admin.AdminDriverDto::get_VehicleType()
DA:13,25
FN:13,System.DateTime ShipmentTrackingAPI.DTOs.Admin.AdminDriverDto::get_CreatedAt()
FNDA:12,System.DateTime ShipmentTrackingAPI.DTOs.Admin.AdminDriverDto::get_CreatedAt()
DA:14,12
FN:19,System.String ShipmentTrackingAPI.DTOs.Admin.AdminDriverDetailDto::get_VehicleNumber()
FNDA:4,System.String ShipmentTrackingAPI.DTOs.Admin.AdminDriverDetailDto::get_VehicleNumber()
DA:20,4
FN:20,System.String ShipmentTrackingAPI.DTOs.Admin.AdminDriverDetailDto::get_LicenseNumber()
FNDA:5,System.String ShipmentTrackingAPI.DTOs.Admin.AdminDriverDetailDto::get_LicenseNumber()
DA:21,5
FN:23,System.Nullable`1<ShipmentTrackingAPI.Models.Enums.DriverOpStatus> ShipmentTrackingAPI.DTOs.Admin.AdminDriverDetailDto::get_OpStatus()
FNDA:2,System.Nullable`1<ShipmentTrackingAPI.Models.Enums.DriverOpStatus> ShipmentTrackingAPI.DTOs.Admin.AdminDriverDetailDto::get_OpStatus()
DA:24,2
FN:24,System.Nullable`1<System.DateTime> ShipmentTrackingAPI.DTOs.Admin.AdminDriverDetailDto::get_ApprovedAt()
FNDA:2,System.Nullable`1<System.DateTime> ShipmentTrackingAPI.DTOs.Admin.AdminDriverDetailDto::get_ApprovedAt()
DA:25,2
FN:25,System.String ShipmentTrackingAPI.DTOs.Admin.AdminDriverDetailDto::get_ApprovedByName()
FNDA:4,System.String ShipmentTrackingAPI.DTOs.Admin.AdminDriverDetailDto::get_ApprovedByName()
DA:26,4
LF:12
LH:12
BRF:0
BRH:0
FNF:12
FNH:12
end_of_record
SF:/Users/dhanushkeloth/presidio_genspark_training/capstone-projectv3/backend/ShipmentTrackingAPI/Models/DTOs/Admin/AdminShipmentDto.cs
FN:6,System.Int32 ShipmentTrackingAPI.DTOs.Admin.AdminShipmentDto::get_Id()
FNDA:8,System.Int32 ShipmentTrackingAPI.DTOs.Admin.AdminShipmentDto::get_Id()
DA:7,8
FN:7,System.String ShipmentTrackingAPI.DTOs.Admin.AdminShipmentDto::get_TrackingNumber()
FNDA:16,System.String ShipmentTrackingAPI.DTOs.Admin.AdminShipmentDto::get_TrackingNumber()
DA:8,16
FN:8,ShipmentTrackingAPI.Models.Enums.ShipmentStatus ShipmentTrackingAPI.DTOs.Admin.AdminShipmentDto::get_Status()
FNDA:9,ShipmentTrackingAPI.Models.Enums.ShipmentStatus ShipmentTrackingAPI.DTOs.Admin.AdminShipmentDto::get_Status()
DA:9,9
FN:10,System.String ShipmentTrackingAPI.DTOs.Admin.AdminShipmentDto::get_CustomerName()
FNDA:16,System.String ShipmentTrackingAPI.DTOs.Admin.AdminShipmentDto::get_CustomerName()
DA:11,16
FN:11,System.String ShipmentTrackingAPI.DTOs.Admin.AdminShipmentDto::get_DriverName()
FNDA:11,System.String ShipmentTrackingAPI.DTOs.Admin.AdminShipmentDto::get_DriverName()
DA:12,11
FN:13,System.String ShipmentTrackingAPI.DTOs.Admin.AdminShipmentDto::get_PickupArea()
FNDA:17,System.String ShipmentTrackingAPI.DTOs.Admin.AdminShipmentDto::get_PickupArea()
DA:14,17
FN:14,System.String ShipmentTrackingAPI.DTOs.Admin.AdminShipmentDto::get_DropoffArea()
FNDA:17,System.String ShipmentTrackingAPI.DTOs.Admin.AdminShipmentDto::get_DropoffArea()
DA:15,17
FN:16,System.DateTime ShipmentTrackingAPI.DTOs.Admin.AdminShipmentDto::get_CreatedAt()
FNDA:8,System.DateTime ShipmentTrackingAPI.DTOs.Admin.AdminShipmentDto::get_CreatedAt()
DA:17,8
LF:8
LH:8
BRF:0
BRH:0
FNF:8
FNH:8
end_of_record
SF:/Users/dhanushkeloth/presidio_genspark_training/capstone-projectv3/backend/ShipmentTrackingAPI/Models/DTOs/Admin/DashboardDto.cs
FN:4,System.Int32 ShipmentTrackingAPI.DTOs.Admin.DashboardDto::get_TotalPendingShipments()
FNDA:7,System.Int32 ShipmentTrackingAPI.DTOs.Admin.DashboardDto::get_TotalPendingShipments()
DA:5,7
FN:5,System.Int32 ShipmentTrackingAPI.DTOs.Admin.DashboardDto::get_ActiveDeliveries()
FNDA:8,System.Int32 ShipmentTrackingAPI.DTOs.Admin.DashboardDto::get_ActiveDeliveries()
DA:6,8
FN:6,System.Int32 ShipmentTrackingAPI.DTOs.Admin.DashboardDto::get_DeliveriesToday()
FNDA:7,System.Int32 ShipmentTrackingAPI.DTOs.Admin.DashboardDto::get_DeliveriesToday()
DA:7,7
FN:7,System.Int32 ShipmentTrackingAPI.DTOs.Admin.DashboardDto::get_DriversPendingApproval()
FNDA:7,System.Int32 ShipmentTrackingAPI.DTOs.Admin.DashboardDto::get_DriversPendingApproval()
DA:8,7
FN:8,System.Int32 ShipmentTrackingAPI.DTOs.Admin.DashboardDto::get_TotalActiveDrivers()
FNDA:7,System.Int32 ShipmentTrackingAPI.DTOs.Admin.DashboardDto::get_TotalActiveDrivers()
DA:9,7
LF:5
LH:5
BRF:0
BRH:0
FNF:5
FNH:5
end_of_record
SF:/Users/dhanushkeloth/presidio_genspark_training/capstone-projectv3/backend/ShipmentTrackingAPI/Models/DTOs/Admin/OverrideShipmentStatusRequestDto.cs
FN:7,ShipmentTrackingAPI.Models.Enums.ShipmentStatus ShipmentTrackingAPI.DTOs.Admin.OverrideShipmentStatusRequestDto::get_NewStatus()
FNDA:0,ShipmentTrackingAPI.Models.Enums.ShipmentStatus ShipmentTrackingAPI.DTOs.Admin.OverrideShipmentStatusRequestDto::get_NewStatus()
DA:8,0
FN:10,System.String ShipmentTrackingAPI.DTOs.Admin.OverrideShipmentStatusRequestDto::get_Reason()
FNDA:0,System.String ShipmentTrackingAPI.DTOs.Admin.OverrideShipmentStatusRequestDto::get_Reason()
DA:11,0
LF:2
LH:0
BRF:0
BRH:0
FNF:2
FNH:0
end_of_record
SF:/Users/dhanushkeloth/presidio_genspark_training/capstone-projectv3/backend/ShipmentTrackingAPI/Models/DTOs/Admin/UpdateDriverStatusRequestDto.cs
FN:6,System.Int32 ShipmentTrackingAPI.DTOs.Admin.UpdateDriverStatusRequestDto::get_DriverId()
FNDA:0,System.Int32 ShipmentTrackingAPI.DTOs.Admin.UpdateDriverStatusRequestDto::get_DriverId()
DA:7,0
FN:7,ShipmentTrackingAPI.Models.Enums.DriverAccountStatus ShipmentTrackingAPI.DTOs.Admin.UpdateDriverStatusRequestDto::get_NewStatus()
FNDA:0,ShipmentTrackingAPI.Models.Enums.DriverAccountStatus ShipmentTrackingAPI.DTOs.Admin.UpdateDriverStatusRequestDto::get_NewStatus()
DA:8,0
LF:2
LH:0
BRF:0
BRH:0
FNF:2
FNH:0
end_of_record
SF:/Users/dhanushkeloth/presidio_genspark_training/capstone-projectv3/backend/ShipmentTrackingAPI/Models/CustomerProfile.cs
FN:17,System.Int32 ShipmentTrackingAPI.Models.CustomerProfile::get_Id()
FNDA:73,System.Int32 ShipmentTrackingAPI.Models.CustomerProfile::get_Id()
DA:18,73
FN:20,System.Int32 ShipmentTrackingAPI.Models.CustomerProfile::get_UserId()
FNDA:26,System.Int32 ShipmentTrackingAPI.Models.CustomerProfile::get_UserId()
DA:21,26
FN:27,System.String ShipmentTrackingAPI.Models.CustomerProfile::get_PhoneNumber()
FNDA:32,System.String ShipmentTrackingAPI.Models.CustomerProfile::get_PhoneNumber()
DA:28,32
FN:34,System.String ShipmentTrackingAPI.Models.CustomerProfile::get_AlternatePhoneNumber()
FNDA:32,System.String ShipmentTrackingAPI.Models.CustomerProfile::get_AlternatePhoneNumber()
DA:35,32
FN:40,System.String ShipmentTrackingAPI.Models.CustomerProfile::get_ProfileImageUrl()
FNDA:30,System.String ShipmentTrackingAPI.Models.CustomerProfile::get_ProfileImageUrl()
DA:41,30
FN:43,System.DateTime ShipmentTrackingAPI.Models.CustomerProfile::get_CreatedAt()
[...]
DA:109,1
DA:110,1
DA:111,1
DA:112,2
DA:113,1
DA:114,1
DA:115,1
DA:116,1
DA:117,1
DA:118,1
DA:119,1
DA:120,1
DA:121,1
DA:122,1
DA:123,1
DA:124,1
DA:125,1
DA:126,1
DA:127,1
DA:128,1
DA:129,1
DA:130,1
DA:131,1
DA:132,1
DA:133,2
DA:135,1
DA:136,1
DA:137,1
DA:138,1
DA:139,2
DA:140,1
DA:141,1
DA:142,1
DA:143,1
DA:144,1
DA:145,2
DA:147,1
DA:148,1
DA:149,1
DA:150,1
DA:151,2
DA:152,1
DA:153,1
DA:154,1
DA:155,1
DA:156,1
DA:157,1
DA:158,1
DA:159,1
DA:160,1
DA:161,1
DA:162,1
DA:163,1
DA:164,2
DA:166,1
DA:167,1
DA:168,1
DA:169,1
DA:170,2
DA:171,1
DA:172,1
DA:173,1
DA:174,1
DA:175,1
DA:176,1
DA:177,1
DA:178,2
DA:180,1
DA:181,1
DA:182,1
DA:183,1
DA:184,2
DA:185,1
DA:186,1
DA:187,1
DA:188,1
DA:189,1
DA:190,1
DA:191,1
DA:192,1
DA:193,1
DA:194,2
DA:196,1
DA:197,1
DA:198,1
DA:199,1
DA:200,2
DA:201,1
DA:202,1
DA:203,1
DA:204,1
DA:205,1
DA:206,1
DA:207,1
DA:208,1
DA:209,1
DA:210,2
DA:211,1
DA:212,1
DA:213,1
DA:214,1
DA:215,1
DA:216,1
DA:218,1
FN:11,System.Void ShipmentTrackingAPI.Data.AppDbContext::.ctor(Microsoft.EntityFrameworkCore.DbContextOptions`1<ShipmentTrackingAPI.Data.AppDbContext>)
FNDA:45,System.Void ShipmentTrackingAPI.Data.AppDbContext::.ctor(Microsoft.EntityFrameworkCore.DbContextOptions`1<ShipmentTrackingAPI.Data.AppDbContext>)
DA:12,45
DA:13,45
DA:14,45
LF:185
LH:185
BRF:0
BRH:0
FNF:11
FNH:11
end_of_record
SF:/Users/dhanushkeloth/presidio_genspark_training/capstone-projectv3/backend/ShipmentTrackingAPI/Controllers/AdminController.cs
FN:26,System.Int32 ShipmentTrackingAPI.Controllers.AdminController::GetAdminId()
FNDA:0,System.Int32 ShipmentTrackingAPI.Controllers.AdminController::GetAdminId()
DA:27,0
DA:28,0
DA:29,0
DA:31,0
DA:32,0
DA:34,0
DA:35,0
BRDA:28,18,0,0
BRDA:28,18,1,0
BRDA:28,30,0,0
BRDA:28,50,0,0
BRDA:28,50,1,0
BRDA:28,30,1,0
BRDA:31,72,0,0
BRDA:31,72,1,0
FN:17,System.Void ShipmentTrackingAPI.Controllers.AdminController::.ctor(ShipmentTrackingAPI.Interfaces.IAdminService)
FNDA:0,System.Void ShipmentTrackingAPI.Controllers.AdminController::.ctor(ShipmentTrackingAPI.Interfaces.IAdminService)
DA:18,0
DA:19,0
DA:20,0
DA:21,0
FN:97,System.Void ShipmentTrackingAPI.Controllers.AdminController/<GetDashboardMetrics>d__8::MoveNext()
FNDA:0,System.Void ShipmentTrackingAPI.Controllers.AdminController/<GetDashboardMetrics>d__8::MoveNext()
DA:98,0
DA:99,0
DA:100,0
DA:101,0
FN:52,System.Void ShipmentTrackingAPI.Controllers.AdminController/<GetDriverDetail>d__4::MoveNext()
FNDA:0,System.Void ShipmentTrackingAPI.Controllers.AdminController/<GetDriverDetail>d__4::MoveNext()
DA:53,0
DA:54,0
DA:55,0
DA:56,0
FN:45,System.Void ShipmentTrackingAPI.Controllers.AdminController/<GetDrivers>d__3::MoveNext()
FNDA:0,System.Void ShipmentTrackingAPI.Controllers.AdminController/<GetDrivers>d__3::MoveNext()
DA:46,0
DA:47,0
DA:48,0
DA:49,0
FN:77,System.Void ShipmentTrackingAPI.Controllers.AdminController/<GetShipments>d__6::MoveNext()
FNDA:0,System.Void ShipmentTrackingAPI.Controllers.AdminController/<GetShipments>d__6::MoveNext()
DA:78,0
DA:79,0
DA:80,0
DA:81,0
FN:84,System.Void ShipmentTrackingAPI.Controllers.AdminController/<OverrideShipmentStatus>d__7::MoveNext()
FNDA:0,System.Void ShipmentTrackingAPI.Controllers.AdminController/<OverrideShipmentStatus>d__7::MoveNext()
DA:85,0
DA:87,0
DA:89,0
DA:90,0
FN:60,System.Void ShipmentTrackingAPI.Controllers.AdminController/<UpdateDriverStatus>d__5::MoveNext()
FNDA:0,System.Void ShipmentTrackingAPI.Controllers.AdminController/<UpdateDriverStatus>d__5::MoveNext()
DA:61,0
DA:63,0
DA:65,0
DA:66,0
LF:35
LH:0
BRF:8
BRH:0
FNF:8
FNH:0
end_of_record
SF:/Users/dhanushkeloth/presidio_genspark_training/capstone-projectv3/backend/ShipmentTrackingAPI/Controllers/AuthController.cs
FN:12,System.Void ShipmentTrackingAPI.Controllers.AuthController::.ctor(ShipmentTrackingAPI.Interfaces.IAuthService)
FNDA:0,System.Void ShipmentTrackingAPI.Controllers.AuthController::.ctor(ShipmentTrackingAPI.Interfaces.IAuthService)
DA:13,0
DA:14,0
DA:15,0
DA:16,0
FN:35,System.Void ShipmentTrackingAPI.Controllers.AuthController/<Login>d__4::MoveNext()
FNDA:0,System.Void ShipmentTrackingAPI.Controllers.AuthController/<Login>d__4::MoveNext()
DA:36,0
DA:37,0
DA:39,0
DA:40,0
FN:19,System.Void ShipmentTrackingAPI.Controllers.AuthController/<RegisterCustomer>d__2::MoveNext()
FNDA:0,System.Void ShipmentTrackingAPI.Controllers.AuthController/<RegisterCustomer>d__2::MoveNext()
DA:20,0
DA:21,0
DA:23,0
DA:24,0
FN:27,System.Void ShipmentTrackingAPI.Controllers.AuthController/<RegisterDriver>d__3::MoveNext()
FNDA:0,System.Void ShipmentTrackingAPI.Controllers.AuthController/<RegisterDriver>d__3::MoveNext()
DA:28,0
DA:29,0
DA:31,0
DA:32,0
LF:16
LH:0
BRF:0
BRH:0
FNF:4
FNH:0
end_of_record
SF:/Users/dhanushkeloth/presidio_genspark_training/capstone-projectv3/backend/ShipmentTrackingAPI/Controllers/CustomerController.cs
FN:25,System.Int32 ShipmentTrackingAPI.Controllers.CustomerController::GetUserId()
FNDA:0,System.Int32 ShipmentTrackingAPI.Controllers.CustomerController::GetUserId()
DA:26,0
DA:27,0
DA:28,0
DA:30,0
DA:31,0
DA:33,0
DA:34,0
BRDA:27,18,0,0
BRDA:27,18,1,0
BRDA:27,30,0,0
BRDA:27,50,0,0
BRDA:27,50,1,0
BRDA:27,30,1,0
BRDA:30,72,0,0
BRDA:30,72,1,0
FN:16,System.Void ShipmentTrackingAPI.Controllers.CustomerController::.ctor(ShipmentTrackingAPI.Services.Interfaces.ICustomerService)
FNDA:0,System.Void ShipmentTrackingAPI.Controllers.CustomerController::.ctor(ShipmentTrackingAPI.Services.Interfaces.ICustomerService)
DA:17,0
DA:18,0
DA:19,0
DA:20,0
FN:66,System.Void ShipmentTrackingAPI.Controllers.CustomerController/<AddSavedAddress>d__6::MoveNext()
FNDA:0,System.Void ShipmentTrackingAPI.Controllers.CustomerController/<AddSavedAddress>d__6::MoveNext()
DA:67,0
DA:68,0
DA:71,0
DA:72,0
FN:82,System.Void ShipmentTrackingAPI.Controllers.CustomerController/<DeleteSavedAddress>d__8::MoveNext()
FNDA:0,System.Void ShipmentTrackingAPI.Controllers.CustomerController/<DeleteSavedAddress>d__8::MoveNext()
DA:83,0
DA:84,0
DA:87,0
DA:88,0
FN:41,System.Void ShipmentTrackingAPI.Controllers.CustomerController/<GetMyProfile>d__3::MoveNext()
FNDA:0,System.Void ShipmentTrackingAPI.Controllers.CustomerController/<GetMyProfile>d__3::MoveNext()
DA:42,0
DA:43,0
DA:44,0
DA:45,0
FN:59,System.Void ShipmentTrackingAPI.Controllers.CustomerController/<GetSavedAddresses>d__5::MoveNext()
FNDA:0,System.Void ShipmentTrackingAPI.Controllers.CustomerController/<GetSavedAddresses>d__5::MoveNext()
DA:60,0
DA:61,0
DA:62,0
DA:63,0
FN:48,System.Void ShipmentTrackingAPI.Controllers.CustomerController/<UpdateMyProfile>d__4::MoveNext()
FNDA:0,System.Void ShipmentTrackingAPI.Controllers.CustomerController/<UpdateMyProfile>d__4::MoveNext()
DA:49,0
DA:50,0
DA:51,0
DA:52,0
FN:75,System.Void ShipmentTrackingAPI.Controllers.CustomerController/<UpdateSavedAddress>d__7::MoveNext()
FNDA:0,System.Void ShipmentTrackingAPI.Controllers.CustomerController/<UpdateSavedAddress>d__7::MoveNext()
DA:76,0
DA:77,0
DA:78,0
DA:79,0
LF:35
LH:0
BRF:8
BRH:0
FNF:8
FNH:0
end_of_record
SF:/Users/dhanushkeloth/presidio_genspark_training/capstone-projectv3/backend/ShipmentTrackingAPI/Controllers/DriverController.cs
FN:25,System.Int32 ShipmentTrackingAPI.Controllers.DriverController::GetUserId()
FNDA:0,System.Int32 ShipmentTrackingAPI.Controllers.DriverController::GetUserId()
DA:26,0
DA:27,0
DA:28,0
DA:30,0
DA:31,0
DA:33,0
DA:34,0
BRDA:27,18,0,0
BRDA:27,18,1,0
BRDA:27,30,0,0
BRDA:27,50,0,0
BRDA:27,50,1,0
BRDA:27,30,1,0
BRDA:30,72,0,0
BRDA:30,72,1,0
FN:16,System.Void ShipmentTrackingAPI.Controllers.DriverController::.ctor(ShipmentTrackingAPI.Services.Interfaces.IDriverService)
FNDA:0,System.Void ShipmentTrackingAPI.Controllers.DriverController::.ctor(ShipmentTrackingAPI.Services.Interfaces.IDriverService)
DA:17,0
DA:18,0
DA:19,0
DA:20,0
FN:41,System.Void ShipmentTrackingAPI.Controllers.DriverController/<GetMyProfile>d__3::MoveNext()
FNDA:0,System.Void ShipmentTrackingAPI.Controllers.DriverController/<GetMyProfile>d__3::MoveNext()
DA:42,0
DA:44,0
DA:45,0
DA:46,0
FN:53,System.Void ShipmentTrackingAPI.Controllers.DriverController/<UpdateOperatingStatus>d__4::MoveNext()
FNDA:0,System.Void ShipmentTrackingAPI.Controllers.DriverController/<UpdateOperatingStatus>d__4::MoveNext()
DA:54,0
DA:56,0
DA:58,0
DA:60,0
DA:61,0
LF:20
LH:0
BRF:8
BRH:0
FNF:4
FNH:0
end_of_record
SF:/Users/dhanushkeloth/presidio_genspark_training/capstone-projectv3/backend/ShipmentTrackingAPI/Controllers/ShipmentController.cs
FN:342,System.Int32 ShipmentTrackingAPI.Controllers.ShipmentController::GetUserId()
FNDA:0,System.Int32 ShipmentTrackingAPI.Controllers.ShipmentController::GetUserId()
DA:343,0
DA:344,0
DA:345,0
DA:347,0
DA:348,0
DA:349,0
DA:351,0
DA:352,0
BRDA:344,18,0,0
BRDA:344,18,1,0
BRDA:347,51,0,0
BRDA:347,51,1,0
FN:359,ShipmentTrackingAPI.Models.Enums.UserRole ShipmentTrackingAPI.Controllers.ShipmentController::GetUserRole()
FNDA:0,ShipmentTrackingAPI.Models.Enums.UserRole ShipmentTrackingAPI.Controllers.ShipmentController::GetUserRole()
DA:360,0
DA:361,0
DA:363,0
DA:364,0
DA:365,0
DA:366,0
BRDA:363,26,0,0
BRDA:363,26,1,0
FN:35,System.Void ShipmentTrackingAPI.Controllers.ShipmentController::.ctor(ShipmentTrackingAPI.Interfaces.IShipmentService,ShipmentTrackingAPI.Interfaces.IOtpService,Microsoft.Extensions.Logging.ILogger`1<ShipmentTrackingAPI.Controllers.ShipmentController>)
FNDA:0,System.Void ShipmentTrackingAPI.Controllers.ShipmentController::.ctor(ShipmentTrackingAPI.Interfaces.IShipmentService,ShipmentTrackingAPI.Interfaces.IOtpService,Microsoft.Extensions.Logging.ILogger`1<ShipmentTrackingAPI.Controllers.ShipmentController>)
DA:36,0
DA:37,0
DA:38,0
DA:39,0
DA:40,0
DA:41,0
DA:42,0
DA:43,0
DA:44,0
FN:172,System.Void ShipmentTrackingAPI.Controllers.ShipmentController/<AssignShipment>d__10::MoveNext()
FNDA:0,System.Void ShipmentTrackingAPI.Controllers.ShipmentController/<AssignShipment>d__10::MoveNext()
DA:173,0
DA:174,0
DA:175,0
DA:176,0
DA:177,0
FN:59,System.Void ShipmentTrackingAPI.Controllers.ShipmentController/<BookShipment>d__4::MoveNext()
FNDA:0,System.Void ShipmentTrackingAPI.Controllers.ShipmentController/<BookShipment>d__4::MoveNext()
DA:60,0
DA:61,0
DA:63,0
DA:64,0
DA:66,0
DA:68,0
DA:69,0
DA:70,0
DA:72,0
DA:73,0
DA:74,0
DA:75,0
DA:76,0
FN:116,System.Void ShipmentTrackingAPI.Controllers.ShipmentController/<CancelShipment>d__7::MoveNext()
FNDA:0,System.Void ShipmentTrackingAPI.Controllers.ShipmentController/<CancelShipment>d__7::MoveNext()
DA:117,0
DA:118,0
DA:119,0
DA:120,0
DA:121,0
FN:212,System.Void ShipmentTrackingAPI.Controllers.ShipmentController/<FailDelivery>d__12::MoveNext()
FNDA:0,System.Void ShipmentTrackingAPI.Controllers.ShipmentController/<FailDelivery>d__12::MoveNext()
DA:213,0
DA:214,0
DA:215,0
DA:216,0
DA:217,0
FN:86,System.Void ShipmentTrackingAPI.Controllers.ShipmentController/<GetMyShipments>d__5::MoveNext()
FNDA:0,System.Void ShipmentTrackingAPI.Controllers.ShipmentController/<GetMyShipments>d__5::MoveNext()
DA:87,0
DA:88,0
DA:89,0
DA:90,0
DA:91,0
FN:157,System.Void ShipmentTrackingAPI.Controllers.ShipmentController/<GetPendingQueue>d__9::MoveNext()
FNDA:0,System.Void ShipmentTrackingAPI.Controllers.ShipmentController/<GetPendingQueue>d__9::MoveNext()
DA:158,0
DA:159,0
DA:160,0
DA:161,0
DA:162,0
FN:100,System.Void ShipmentTrackingAPI.Controllers.ShipmentController/<GetShipmentById>d__6::MoveNext()
FNDA:0,System.Void ShipmentTrackingAPI.Controllers.ShipmentController/<GetShipmentById>d__6::MoveNext()
DA:101,0
DA:102,0
DA:103,0
DA:105,0
DA:106,0
DA:107,0
FN:326,System.Void ShipmentTrackingAPI.Controllers.ShipmentController/<RegenerateOtp>d__17::MoveNext()
FNDA:0,System.Void ShipmentTrackingAPI.Controllers.ShipmentController/<RegenerateOtp>d__17::MoveNext()
DA:327,0
DA:328,0
DA:329,0
DA:330,0
DA:331,0
FN:279,System.Void ShipmentTrackingAPI.Controllers.ShipmentController/<RequestDeliveryOtp>d__15::MoveNext()
FNDA:0,System.Void ShipmentTrackingAPI.Controllers.ShipmentController/<RequestDeliveryOtp>d__15::MoveNext()
DA:280,0
DA:281,0
DA:283,0
DA:284,0
DA:286,0
DA:287,0
DA:288,0
FN:232,System.Void ShipmentTrackingAPI.Controllers.ShipmentController/<RequestPickupOtp>d__13::MoveNext()
FNDA:0,System.Void ShipmentTrackingAPI.Controllers.ShipmentController/<RequestPickupOtp>d__13::MoveNext()
DA:233,0
DA:234,0
DA:236,0
DA:237,0
DA:239,0
DA:240,0
DA:241,0
FN:136,System.Void ShipmentTrackingAPI.Controllers.ShipmentController/<TrackShipment>d__8::MoveNext()
FNDA:0,System.Void ShipmentTrackingAPI.Controllers.ShipmentController/<TrackShipment>d__8::MoveNext()
DA:137,0
DA:138,0
DA:139,0
DA:140,0
FN:195,System.Void ShipmentTrackingAPI.Controllers.ShipmentController/<UpdateStatus>d__11::MoveNext()
FNDA:0,System.Void ShipmentTrackingAPI.Controllers.ShipmentController/<UpdateStatus>d__11::MoveNext()
DA:196,0
DA:197,0
DA:198,0
DA:199,0
DA:200,0
FN:301,System.Void ShipmentTrackingAPI.Controllers.ShipmentController/<VerifyDeliveryOtp>d__16::MoveNext()
FNDA:0,System.Void ShipmentTrackingAPI.Controllers.ShipmentController/<VerifyDeliveryOtp>d__16::MoveNext()
DA:302,0
DA:303,0
DA:305,0
DA:306,0
DA:308,0
DA:309,0
FN:255,System.Void ShipmentTrackingAPI.Controllers.ShipmentController/<VerifyPickupOtp>d__14::MoveNext()
FNDA:0,System.Void ShipmentTrackingAPI.Controllers.ShipmentController/<VerifyPickupOtp>d__14::MoveNext()
DA:256,0
DA:257,0
DA:259,0
DA:260,0
DA:264,0
DA:265,0
LF:107
LH:0
BRF:6
BRH:0
FNF:17
FNH:0
end_of_record
SF:/Users/dhanushkeloth/presidio_genspark_training/capstone-projectv3/backend/ShipmentTrackingAPI/BackgroundServices/GpsSimulationService.cs
FN:282,System.Boolean ShipmentTrackingAPI.BackgroundServices.GpsSimulationService::IsValidCoord(System.Double,System.Double)
FNDA:0,System.Boolean ShipmentTrackingAPI.BackgroundServices.GpsSimulationService::IsValidCoord(System.Double,System.Double)
DA:283,0
DA:284,0
BRDA:283,10,0,0
BRDA:283,22,0,0
BRDA:283,10,1,0
BRDA:283,22,1,0
FN:286,System.Double ShipmentTrackingAPI.BackgroundServices.GpsSimulationService::Lerp(System.Double,System.Double,System.Double)
FNDA:0,System.Double ShipmentTrackingAPI.BackgroundServices.GpsSimulationService::Lerp(System.Double,System.Double,System.Double)
DA:287,0
FN:289,System.Double ShipmentTrackingAPI.BackgroundServices.GpsSimulationService::HaversineMetres(System.Double,System.Double,System.Double,System.Double)
FNDA:0,System.Double ShipmentTrackingAPI.BackgroundServices.GpsSimulationService::HaversineMetres(System.Double,System.Double,System.Double,System.Double)
DA:290,0
DA:292,0
DA:293,0
DA:294,0
DA:295,0
DA:296,0
DA:297,0
DA:298,0
FN:299,System.Double ShipmentTrackingAPI.BackgroundServices.GpsSimulationService::Rad(System.Double)
FNDA:0,System.Double ShipmentTrackingAPI.BackgroundServices.GpsSimulationService::Rad(System.Double)
DA:300,0
FN:56,System.Void ShipmentTrackingAPI.BackgroundServices.GpsSimulationService::.ctor(Microsoft.Extensions.DependencyInjection.IServiceScopeFactory,ShipmentTrackingAPI.Interfaces.ITrackingService,ShipmentTrackingAPI.Interfaces.IGpsSimulationChannel,Microsoft.Extensions.Logging.ILogger`1<ShipmentTrackingAPI.BackgroundServices.GpsSimulationService>,Microsoft.Extensions.Configuration.IConfiguration)
FNDA:0,System.Void ShipmentTrackingAPI.BackgroundServices.GpsSimulationService::.ctor(Microsoft.Extensions.DependencyInjection.IServiceScopeFactory,ShipmentTrackingAPI.Interfaces.ITrackingService,ShipmentTrackingAPI.Interfaces.IGpsSimulationChannel,Microsoft.Extensions.Logging.ILogger`1<ShipmentTrackingAPI.BackgroundServices.GpsSimulationService>,Microsoft.Extensions.Configuration.IConfiguration)
DA:57,0
DA:59,0
DA:60,0
DA:61,0
DA:62,0
DA:63,0
DA:64,0
DA:65,0
DA:66,0
DA:67,0
DA:68,0
DA:69,0
DA:70,0
DA:71,0
DA:72,0
FN:309,System.String ShipmentTrackingAPI.BackgroundServices.GpsSimulationService/ActiveShipmentState::get_TrackingNumber()
FNDA:0,System.String ShipmentTrackingAPI.BackgroundServices.GpsSimulationService/ActiveShipmentState::get_TrackingNumber()
DA:310,0
FN:310,System.Int32 ShipmentTrackingAPI.BackgroundServices.GpsSimulationService/ActiveShipmentState::get_DriverProfileId()
FNDA:0,System.Int32 ShipmentTrackingAPI.BackgroundServices.GpsSimulationService/ActiveShipmentState::get_DriverProfileId()
DA:311,0
FN:311,System.Double ShipmentTrackingAPI.BackgroundServices.GpsSimulationService/ActiveShipmentState::get_CurrentLat()
FNDA:0,System.Double ShipmentTrackingAPI.BackgroundServices.GpsSimulationService/ActiveShipmentState::get_CurrentLat()
DA:312,0
FN:312,System.Double ShipmentTrackingAPI.BackgroundServices.GpsSimulationService/ActiveShipmentState::get_CurrentLng()
FNDA:0,System.Double ShipmentTrackingAPI.BackgroundServices.GpsSimulationService/ActiveShipmentState::get_CurrentLng()
DA:313,0
FN:313,System.Double ShipmentTrackingAPI.BackgroundServices.GpsSimulationService/ActiveShipmentState::get_DropoffLat()
FNDA:0,System.Double ShipmentTrackingAPI.BackgroundServices.GpsSimulationService/ActiveShipmentState::get_DropoffLat()
DA:314,0
FN:314,System.Double ShipmentTrackingAPI.BackgroundServices.GpsSimulationService/ActiveShipmentState::get_DropoffLng()
FNDA:0,System.Double ShipmentTrackingAPI.BackgroundServices.GpsSimulationService/ActiveShipmentState::get_DropoffLng()
DA:315,0
FN:203,System.Void ShipmentTrackingAPI.BackgroundServices.GpsSimulationService/<>c__DisplayClass10_1::<TickAsync>b__1(Microsoft.EntityFrameworkCore.Query.UpdateSettersBuilder`1<ShipmentTrackingAPI.Models.DriverProfile>)
FNDA:0,System.Void ShipmentTrackingAPI.BackgroundServices.GpsSimulationService/<>c__DisplayClass10_1::<TickAsync>b__1(Microsoft.EntityFrameworkCore.Query.UpdateSettersBuilder`1<ShipmentTrackingAPI.Models.DriverProfile>)
DA:204,0
DA:205,0
DA:206,0
FN:74,System.Void ShipmentTrackingAPI.BackgroundServices.GpsSimulationService/<ExecuteAsync>d__9::MoveNext()
FNDA:0,System.Void ShipmentTrackingAPI.BackgroundServices.GpsSimulationService/<ExecuteAsync>d__9::MoveNext()
DA:75,0
DA:76,0
DA:77,0
DA:78,0
DA:79,0
DA:83,0
DA:86,0
DA:88,0
DA:89,0
DA:91,0
DA:92,0
DA:93,0
DA:94,0
DA:95,0
DA:96,0
DA:98,0
DA:99,0
DA:100,0
DA:101,0
DA:102,0
DA:104,0
DA:105,0
DA:107,0
DA:108,0
BRDA:88,656,1,0
BRDA:88,656,0,0
FN:231,System.Void ShipmentTrackingAPI.BackgroundServices.GpsSimulationService/<LoadExistingInTransitShipmentsAsync>d__11::MoveNext()
FNDA:0,System.Void ShipmentTrackingAPI.BackgroundServices.GpsSimulationService/<LoadExistingInTransitShipmentsAsync>d__11::MoveNext()
DA:232,0
DA:233,0
DA:234,0
DA:236,0
DA:237,0
DA:238,0
DA:239,0
DA:240,0
DA:241,0
DA:242,0
DA:243,0
DA:244,0
DA:245,0
DA:246,0
DA:247,0
DA:248,0
DA:249,0
DA:250,0
DA:251,0
DA:252,0
DA:253,0
DA:254,0
DA:255,0
DA:256,0
DA:257,0
DA:258,0
DA:260,0
DA:261,0
DA:262,0
DA:264,0
DA:265,0
DA:266,0
DA:267,0
DA:268,0
DA:269,0
DA:270,0
DA:271,0
DA:272,0
DA:273,0
DA:275,0
DA:276,0
DA:277,0
DA:278,0
BRDA:260,1971,1,0
BRDA:262,1754,0,0
BRDA:262,1754,1,0
BRDA:262,1786,1,0
BRDA:262,1786,0,0
BRDA:260,1971,0,0
FN:110,System.Void ShipmentTrackingAPI.BackgroundServices.GpsSimulationService/<TickAsync>d__10::MoveNext()
FNDA:0,System.Void ShipmentTrackingAPI.BackgroundServices.GpsSimulationService/<TickAsync>d__10::MoveNext()
DA:111,0
DA:114,0
DA:115,0
DA:116,0
DA:117,0
DA:118,0
DA:119,0
DA:120,0
DA:121,0
DA:122,0
DA:123,0
DA:124,0
DA:125,0
DA:126,0
DA:128,0
DA:129,0
DA:130,0
DA:131,0
DA:132,0
DA:134,0
DA:135,0
DA:136,0
DA:137,0
DA:138,0
DA:139,0
DA:140,0
DA:141,0
DA:145,0
DA:146,0
DA:147,0
DA:148,0
DA:149,0
DA:152,0
DA:153,0
DA:154,0
DA:157,0
DA:158,0
DA:160,0
DA:161,0
DA:163,0
DA:164,0
DA:165,0
DA:166,0
DA:167,0
DA:168,0
DA:169,0
DA:170,0
DA:171,0
DA:172,0
DA:175,0
DA:176,0
DA:177,0
DA:179,0
DA:180,0
DA:182,0
DA:183,0
DA:184,0
DA:185,0
DA:186,0
DA:190,0
DA:191,0
DA:194,0
DA:195,0
DA:198,0
DA:199,0
DA:202,0
DA:203,0
DA:207,0
DA:209,0
DA:210,0
DA:211,0
DA:212,0
DA:214,0
DA:215,0
DA:218,0
DA:219,0
DA:222,0
DA:223,0
DA:224,0
BRDA:114,59,0,0
BRDA:116,81,0,0
BRDA:116,81,1,0
BRDA:135,348,0,0
BRDA:135,348,1,0
BRDA:114,59,1,0
BRDA:145,443,0,0
BRDA:145,443,1,0
BRDA:163,1886,1,0
BRDA:165,790,0,0
BRDA:165,790,1,0
BRDA:165,839,0,0
BRDA:165,839,1,0
BRDA:179,1011,0,0
BRDA:179,1011,1,0
BRDA:163,1886,0,0
BRDA:218,1998,1,0
BRDA:218,1998,0,0
BRDA:222,2270,1,0
BRDA:222,2270,0,0
LF:182
LH:0
BRF:32
BRH:0
FNF:15
FNH:0
end_of_record